<?xml version="1.0" encoding="UTF-8" standalone="yes"?><!DOCTYPE report PUBLIC "-//JACOCO//DTD Report 1.0//EN" "report.dtd"><report name="e-governments eis"><sessioninfo id="vm-ekmcdev-0023-afa486dd" start="1663749502990" dump="1663749503739"/><package name="org/egov/eis/utils/constants"><class name="org/egov/eis/utils/constants/EisConstants"><method name="&lt;init&gt;" desc="()V" line="50"><counter type="INSTRUCTION" missed="3" covered="0"/><counter type="LINE" missed="1" covered="0"/><counter type="COMPLEXITY" missed="1" covered="0"/><counter type="METHOD" missed="1" covered="0"/></method><method name="&lt;clinit&gt;" desc="()V" line="55"><counter type="INSTRUCTION" missed="7" covered="0"/><counter type="LINE" missed="2" covered="0"/><counter type="COMPLEXITY" missed="1" covered="0"/><counter type="METHOD" missed="1" covered="0"/></method><counter type="INSTRUCTION" missed="10" covered="0"/><counter type="LINE" missed="3" covered="0"/><counter type="COMPLEXITY" missed="2" covered="0"/><counter type="METHOD" missed="2" covered="0"/><counter type="CLASS" missed="1" covered="0"/></class><sourcefile name="EisConstants.java"><line nr="50" mi="3" ci="0" mb="0" cb="0"/><line nr="55" mi="3" ci="0" mb="0" cb="0"/><line nr="60" mi="4" ci="0" mb="0" cb="0"/><counter type="INSTRUCTION" missed="10" covered="0"/><counter type="LINE" missed="3" covered="0"/><counter type="COMPLEXITY" missed="2" covered="0"/><counter type="METHOD" missed="2" covered="0"/><counter type="CLASS" missed="1" covered="0"/></sourcefile><counter type="INSTRUCTION" missed="10" covered="0"/><counter type="LINE" missed="3" covered="0"/><counter type="COMPLEXITY" missed="2" covered="0"/><counter type="METHOD" missed="2" covered="0"/><counter type="CLASS" missed="1" covered="0"/></package><package name="org/egov/eis/es/utils"><class name="org/egov/eis/es/utils/EISDashBoardUtils"><method name="&lt;init&gt;" desc="()V" line="60"><counter type="INSTRUCTION" missed="3" covered="0"/><counter type="LINE" missed="1" covered="0"/><counter type="COMPLEXITY" missed="1" covered="0"/><counter type="METHOD" missed="1" covered="0"/></method><method name="getAggregationGroupingField" desc="(Lorg/egov/eis/es/dashboard/EmployeeDetailRequest;)Ljava/lang/String;" line="71"><counter type="INSTRUCTION" missed="43" covered="0"/><counter type="BRANCH" missed="12" covered="0"/><counter type="LINE" missed="13" covered="0"/><counter type="COMPLEXITY" missed="7" covered="0"/><counter type="METHOD" missed="1" covered="0"/></method><method name="prepareWhereClauseForEmployees" desc="(Lorg/egov/eis/es/dashboard/EmployeeDetailRequest;)Lorg/elasticsearch/index/query/BoolQueryBuilder;" line="89"><counter type="INSTRUCTION" missed="37" covered="0"/><counter type="LINE" missed="7" covered="0"/><counter type="COMPLEXITY" missed="1" covered="0"/><counter type="METHOD" missed="1" covered="0"/></method><method name="prepareWhereClause" desc="(Lorg/egov/eis/es/dashboard/EmployeeDetailRequest;Lorg/elasticsearch/index/query/BoolQueryBuilder;)Lorg/elasticsearch/index/query/BoolQueryBuilder;" line="100"><counter type="INSTRUCTION" missed="57" covered="0"/><counter type="BRANCH" missed="10" covered="0"/><counter type="LINE" missed="16" covered="0"/><counter type="COMPLEXITY" missed="6" covered="0"/><counter type="METHOD" missed="1" covered="0"/></method><counter type="INSTRUCTION" missed="140" covered="0"/><counter type="BRANCH" missed="22" covered="0"/><counter type="LINE" missed="37" covered="0"/><counter type="COMPLEXITY" missed="15" covered="0"/><counter type="METHOD" missed="4" covered="0"/><counter type="CLASS" missed="1" covered="0"/></class><sourcefile name="EISDashBoardUtils.java"><line nr="60" mi="3" ci="0" mb="0" cb="0"/><line nr="71" mi="2" ci="0" mb="0" cb="0"/><line nr="73" mi="4" ci="0" mb="2" cb="0"/><line nr="74" mi="5" ci="0" mb="2" cb="0"/><line nr="75" mi="2" ci="0" mb="0" cb="0"/><line nr="76" mi="5" ci="0" mb="2" cb="0"/><line nr="77" mi="2" ci="0" mb="0" cb="0"/><line nr="78" mi="5" ci="0" mb="2" cb="0"/><line nr="79" mi="2" ci="0" mb="0" cb="0"/><line nr="80" mi="5" ci="0" mb="2" cb="0"/><line nr="81" mi="2" ci="0" mb="0" cb="0"/><line nr="82" mi="5" ci="0" mb="2" cb="0"/><line nr="83" mi="2" ci="0" mb="0" cb="0"/><line nr="85" mi="2" ci="0" mb="0" cb="0"/><line nr="89" mi="4" ci="0" mb="0" cb="0"/><line nr="90" mi="2" ci="0" mb="0" cb="0"/><line nr="91" mi="4" ci="0" mb="0" cb="0"/><line nr="92" mi="7" ci="0" mb="0" cb="0"/><line nr="93" mi="9" ci="0" mb="0" cb="0"/><line nr="94" mi="9" ci="0" mb="0" cb="0"/><line nr="96" mi="2" ci="0" mb="0" cb="0"/><line nr="100" mi="4" ci="0" mb="2" cb="0"/><line nr="101" mi="3" ci="0" mb="0" cb="0"/><line nr="102" mi="4" ci="0" mb="0" cb="0"/><line nr="103" mi="4" ci="0" mb="2" cb="0"/><line nr="104" mi="3" ci="0" mb="0" cb="0"/><line nr="105" mi="4" ci="0" mb="0" cb="0"/><line nr="106" mi="4" ci="0" mb="2" cb="0"/><line nr="107" mi="3" ci="0" mb="0" cb="0"/><line nr="108" mi="4" ci="0" mb="0" cb="0"/><line nr="109" mi="4" ci="0" mb="2" cb="0"/><line nr="110" mi="3" ci="0" mb="0" cb="0"/><line nr="111" mi="4" ci="0" mb="0" cb="0"/><line nr="112" mi="4" ci="0" mb="2" cb="0"/><line nr="113" mi="3" ci="0" mb="0" cb="0"/><line nr="114" mi="4" ci="0" mb="0" cb="0"/><line nr="116" mi="2" ci="0" mb="0" cb="0"/><counter type="INSTRUCTION" missed="140" covered="0"/><counter type="BRANCH" missed="22" covered="0"/><counter type="LINE" missed="37" covered="0"/><counter type="COMPLEXITY" missed="15" covered="0"/><counter type="METHOD" missed="4" covered="0"/><counter type="CLASS" missed="1" covered="0"/></sourcefile><counter type="INSTRUCTION" missed="140" covered="0"/><counter type="BRANCH" missed="22" covered="0"/><counter type="LINE" missed="37" covered="0"/><counter type="COMPLEXITY" missed="15" covered="0"/><counter type="METHOD" missed="4" covered="0"/><counter type="CLASS" missed="1" covered="0"/></package><package name="org/egov/pims/dao"><class name="org/egov/pims/dao/PersonalInformationHibernateDAO"><method name="&lt;init&gt;" desc="()V" line="77"><counter type="INSTRUCTION" missed="3" covered="0"/><counter type="LINE" missed="1" covered="0"/><counter type="COMPLEXITY" missed="1" covered="0"/><counter type="METHOD" missed="1" covered="0"/></method><method name="getCurrentSession" desc="()Lorg/hibernate/Session;" line="91"><counter type="INSTRUCTION" missed="6" covered="0"/><counter type="LINE" missed="1" covered="0"/><counter type="COMPLEXITY" missed="1" covered="0"/><counter type="METHOD" missed="1" covered="0"/></method><method name="getPersonalInformationByID" desc="(Ljava/lang/Integer;)Lorg/egov/pims/model/PersonalInformation;" line="97"><counter type="INSTRUCTION" missed="15" covered="0"/><counter type="LINE" missed="3" covered="0"/><counter type="COMPLEXITY" missed="1" covered="0"/><counter type="METHOD" missed="1" covered="0"/></method><method name="getAllPIMap" desc="()Ljava/util/Map;" line="106"><counter type="INSTRUCTION" missed="44" covered="0"/><counter type="BRANCH" missed="2" covered="0"/><counter type="LINE" missed="9" covered="0"/><counter type="COMPLEXITY" missed="2" covered="0"/><counter type="METHOD" missed="1" covered="0"/></method><method name="getPersonalInformationByUserId" desc="(Ljava/lang/Long;)Lorg/egov/pims/model/PersonalInformation;" line="124"><counter type="INSTRUCTION" missed="15" covered="0"/><counter type="LINE" missed="3" covered="0"/><counter type="COMPLEXITY" missed="1" covered="0"/><counter type="METHOD" missed="1" covered="0"/></method><method name="deleteLangKnownForEmp" desc="(Lorg/egov/pims/model/PersonalInformation;)V" line="132"><counter type="INSTRUCTION" missed="13" covered="0"/><counter type="LINE" missed="3" covered="0"/><counter type="COMPLEXITY" missed="1" covered="0"/><counter type="METHOD" missed="1" covered="0"/></method><method name="getListOfPersonalInformationByEmpIdsList" desc="(Ljava/util/List;)Ljava/util/List;" line="138"><counter type="INSTRUCTION" missed="91" covered="0"/><counter type="BRANCH" missed="8" covered="0"/><counter type="LINE" missed="21" covered="0"/><counter type="COMPLEXITY" missed="5" covered="0"/><counter type="METHOD" missed="1" covered="0"/></method><method name="getListOfUsersByBoundaryId" desc="(Ljava/lang/Long;)Ljava/util/List;" line="177"><counter type="INSTRUCTION" missed="44" covered="0"/><counter type="BRANCH" missed="4" covered="0"/><counter type="LINE" missed="11" covered="0"/><counter type="COMPLEXITY" missed="3" covered="0"/><counter type="METHOD" missed="1" covered="0"/></method><method name="getListOfUsersForGivenBoundaryId" desc="(Ljava/lang/Long;)Ljava/util/List;" line="209"><counter type="INSTRUCTION" missed="59" covered="0"/><counter type="BRANCH" missed="6" covered="0"/><counter type="LINE" missed="15" covered="0"/><counter type="COMPLEXITY" missed="4" covered="0"/><counter type="METHOD" missed="1" covered="0"/></method><method name="getEmployee" desc="(Ljava/lang/Integer;Ljava/lang/Integer;Ljava/lang/Long;)Lorg/egov/pims/model/PersonalInformation;" line="251"><counter type="INSTRUCTION" missed="149" covered="0"/><counter type="BRANCH" missed="18" covered="0"/><counter type="LINE" missed="34" covered="0"/><counter type="COMPLEXITY" missed="10" covered="0"/><counter type="METHOD" missed="1" covered="0"/></method><method name="getEmployeeByFunctionary" desc="(Ljava/lang/Long;Ljava/lang/Long;Ljava/lang/Long;Ljava/lang/Integer;)Lorg/egov/pims/model/PersonalInformation;" line="344"><counter type="INSTRUCTION" missed="161" covered="0"/><counter type="BRANCH" missed="18" covered="0"/><counter type="LINE" missed="36" covered="0"/><counter type="COMPLEXITY" missed="10" covered="0"/><counter type="METHOD" missed="1" covered="0"/></method><method name="getTempAssignedEmployeeByDeptDesigFunctionaryDate" desc="(Ljava/lang/Integer;Ljava/lang/Integer;Ljava/lang/Integer;Ljava/util/Date;)Lorg/egov/pims/model/PersonalInformation;" line="443"><counter type="INSTRUCTION" missed="77" covered="0"/><counter type="BRANCH" missed="6" covered="0"/><counter type="LINE" missed="17" covered="0"/><counter type="COMPLEXITY" missed="4" covered="0"/><counter type="METHOD" missed="1" covered="0"/></method><method name="getAllDesignationByDept" desc="(Ljava/lang/Integer;)Ljava/util/List;" line="473"><counter type="INSTRUCTION" missed="37" covered="0"/><counter type="LINE" missed="9" covered="0"/><counter type="COMPLEXITY" missed="1" covered="0"/><counter type="METHOD" missed="1" covered="0"/></method><method name="getAllActiveUsersByGivenDesg" desc="(Ljava/lang/Integer;)Ljava/util/List;" line="499"><counter type="INSTRUCTION" missed="26" covered="0"/><counter type="LINE" missed="8" covered="0"/><counter type="COMPLEXITY" missed="1" covered="0"/><counter type="METHOD" missed="1" covered="0"/></method><method name="getAllEmpByGrade" desc="(Ljava/lang/Integer;)Ljava/util/List;" line="518"><counter type="INSTRUCTION" missed="18" covered="0"/><counter type="LINE" missed="5" covered="0"/><counter type="COMPLEXITY" missed="1" covered="0"/><counter type="METHOD" missed="1" covered="0"/></method><method name="getListOfUsersNotMappedToEmp" desc="()Ljava/util/List;" line="531"><counter type="INSTRUCTION" missed="8" covered="0"/><counter type="LINE" missed="2" covered="0"/><counter type="COMPLEXITY" missed="1" covered="0"/><counter type="METHOD" missed="1" covered="0"/></method><method name="create" desc="(Lorg/egov/pims/model/PersonalInformation;)V" line="540"><counter type="INSTRUCTION" missed="6" covered="0"/><counter type="LINE" missed="2" covered="0"/><counter type="COMPLEXITY" missed="1" covered="0"/><counter type="METHOD" missed="1" covered="0"/></method><method name="update" desc="(Lorg/egov/pims/model/PersonalInformation;)V" line="546"><counter type="INSTRUCTION" missed="5" covered="0"/><counter type="LINE" missed="2" covered="0"/><counter type="COMPLEXITY" missed="1" covered="0"/><counter type="METHOD" missed="1" covered="0"/></method><method name="&lt;clinit&gt;" desc="()V" line="80"><counter type="INSTRUCTION" missed="4" covered="0"/><counter type="LINE" missed="1" covered="0"/><counter type="COMPLEXITY" missed="1" covered="0"/><counter type="METHOD" missed="1" covered="0"/></method><counter type="INSTRUCTION" missed="781" covered="0"/><counter type="BRANCH" missed="62" covered="0"/><counter type="LINE" missed="183" covered="0"/><counter type="COMPLEXITY" missed="50" covered="0"/><counter type="METHOD" missed="19" covered="0"/><counter type="CLASS" missed="1" covered="0"/></class><class name="org/egov/pims/dao/GenericMasterDAO"><method name="&lt;init&gt;" desc="()V" line="66"><counter type="INSTRUCTION" missed="3" covered="0"/><counter type="LINE" missed="1" covered="0"/><counter type="COMPLEXITY" missed="1" covered="0"/><counter type="METHOD" missed="1" covered="0"/></method><method name="getCurrentSession" desc="()Lorg/hibernate/Session;" line="72"><counter type="INSTRUCTION" missed="6" covered="0"/><counter type="LINE" missed="1" covered="0"/><counter type="COMPLEXITY" missed="1" covered="0"/><counter type="METHOD" missed="1" covered="0"/></method><method name="create" desc="(Lorg/egov/pims/model/GenericMaster;)V" line="79"><counter type="INSTRUCTION" missed="22" covered="0"/><counter type="LINE" missed="5" covered="0"/><counter type="COMPLEXITY" missed="1" covered="0"/><counter type="METHOD" missed="1" covered="0"/></method><method name="update" desc="(Lorg/egov/pims/model/GenericMaster;)V" line="94"><counter type="INSTRUCTION" missed="21" covered="0"/><counter type="LINE" missed="5" covered="0"/><counter type="COMPLEXITY" missed="1" covered="0"/><counter type="METHOD" missed="1" covered="0"/></method><method name="remove" desc="(Lorg/egov/pims/model/GenericMaster;)V" line="108"><counter type="INSTRUCTION" missed="21" covered="0"/><counter type="LINE" missed="5" covered="0"/><counter type="COMPLEXITY" missed="1" covered="0"/><counter type="METHOD" missed="1" covered="0"/></method><method name="getGenericMaster" desc="(ILjava/lang/String;)Lorg/egov/pims/model/GenericMaster;" line="123"><counter type="INSTRUCTION" missed="50" covered="0"/><counter type="LINE" missed="7" covered="0"/><counter type="COMPLEXITY" missed="1" covered="0"/><counter type="METHOD" missed="1" covered="0"/></method><counter type="INSTRUCTION" missed="123" covered="0"/><counter type="LINE" missed="24" covered="0"/><counter type="COMPLEXITY" missed="6" covered="0"/><counter type="METHOD" missed="6" covered="0"/><counter type="CLASS" missed="1" covered="0"/></class><class name="org/egov/pims/dao/StatusMasterDAO"><method name="&lt;init&gt;" desc="()V" line="64"><counter type="INSTRUCTION" missed="3" covered="0"/><counter type="LINE" missed="1" covered="0"/><counter type="COMPLEXITY" missed="1" covered="0"/><counter type="METHOD" missed="1" covered="0"/></method><method name="getCurrentSession" desc="()Lorg/hibernate/Session;" line="70"><counter type="INSTRUCTION" missed="6" covered="0"/><counter type="LINE" missed="1" covered="0"/><counter type="COMPLEXITY" missed="1" covered="0"/><counter type="METHOD" missed="1" covered="0"/></method><method name="createStatusMaster" desc="(Lorg/egov/pims/model/StatusMaster;)V" line="77"><counter type="INSTRUCTION" missed="22" covered="0"/><counter type="LINE" missed="5" covered="0"/><counter type="COMPLEXITY" missed="1" covered="0"/><counter type="METHOD" missed="1" covered="0"/></method><method name="updateStatusMaster" desc="(Lorg/egov/pims/model/StatusMaster;)V" line="93"><counter type="INSTRUCTION" missed="21" covered="0"/><counter type="LINE" missed="5" covered="0"/><counter type="COMPLEXITY" missed="1" covered="0"/><counter type="METHOD" missed="1" covered="0"/></method><method name="removeStatusMaster" desc="(Lorg/egov/pims/model/StatusMaster;)V" line="108"><counter type="INSTRUCTION" missed="21" covered="0"/><counter type="LINE" missed="5" covered="0"/><counter type="COMPLEXITY" missed="1" covered="0"/><counter type="METHOD" missed="1" covered="0"/></method><method name="getStatusMaster" desc="(I)Lorg/egov/pims/model/StatusMaster;" line="125"><counter type="INSTRUCTION" missed="25" covered="0"/><counter type="LINE" missed="4" covered="0"/><counter type="COMPLEXITY" missed="1" covered="0"/><counter type="METHOD" missed="1" covered="0"/></method><method name="getStatusMaster" desc="(Ljava/lang/String;)Lorg/egov/pims/model/StatusMaster;" line="142"><counter type="INSTRUCTION" missed="29" covered="0"/><counter type="LINE" missed="5" covered="0"/><counter type="COMPLEXITY" missed="1" covered="0"/><counter type="METHOD" missed="1" covered="0"/></method><counter type="INSTRUCTION" missed="127" covered="0"/><counter type="LINE" missed="26" covered="0"/><counter type="COMPLEXITY" missed="7" covered="0"/><counter type="METHOD" missed="7" covered="0"/><counter type="CLASS" missed="1" covered="0"/></class><class name="org/egov/pims/dao/AssignmentHibernateDAO"><method name="&lt;init&gt;" desc="()V" line="66"><counter type="INSTRUCTION" missed="3" covered="0"/><counter type="LINE" missed="1" covered="0"/><counter type="COMPLEXITY" missed="1" covered="0"/><counter type="METHOD" missed="1" covered="0"/></method><method name="getCurrentSession" desc="()Lorg/hibernate/Session;" line="74"><counter type="INSTRUCTION" missed="6" covered="0"/><counter type="LINE" missed="1" covered="0"/><counter type="COMPLEXITY" missed="1" covered="0"/><counter type="METHOD" missed="1" covered="0"/></method><method name="getAssignmentById" desc="(Ljava/lang/Integer;)Lorg/egov/eis/entity/Assignment;" line="79"><counter type="INSTRUCTION" missed="7" covered="0"/><counter type="LINE" missed="1" covered="0"/><counter type="COMPLEXITY" missed="1" covered="0"/><counter type="METHOD" missed="1" covered="0"/></method><method name="getListOfEmployeeWithoutAssignment" desc="(Ljava/util/Date;)Ljava/util/List;" line="83"><counter type="INSTRUCTION" missed="62" covered="0"/><counter type="LINE" missed="13" covered="0"/><counter type="COMPLEXITY" missed="1" covered="0"/><counter type="METHOD" missed="1" covered="0"/></method><method name="getLatestAssignmentForEmployeeByToDate" desc="(Ljava/lang/Integer;Ljava/util/Date;)Lorg/egov/eis/entity/Assignment;" line="107"><counter type="INSTRUCTION" missed="69" covered="0"/><counter type="LINE" missed="14" covered="0"/><counter type="COMPLEXITY" missed="1" covered="0"/><counter type="METHOD" missed="1" covered="0"/></method><method name="getEmployeeWithTempAssignment" desc="(Ljava/util/Date;Ljava/lang/Integer;)Ljava/util/List;" line="142"><counter type="INSTRUCTION" missed="92" covered="0"/><counter type="BRANCH" missed="12" covered="0"/><counter type="LINE" missed="21" covered="0"/><counter type="COMPLEXITY" missed="7" covered="0"/><counter type="METHOD" missed="1" covered="0"/></method><method name="getEmployeeWithTempAssignment" desc="(Ljava/lang/String;Ljava/util/Date;Ljava/lang/Integer;)Ljava/util/List;" line="195"><counter type="INSTRUCTION" missed="123" covered="0"/><counter type="BRANCH" missed="24" covered="0"/><counter type="LINE" missed="27" covered="0"/><counter type="COMPLEXITY" missed="13" covered="0"/><counter type="METHOD" missed="1" covered="0"/></method><method name="create" desc="(Lorg/egov/eis/entity/Assignment;)V" line="261"><counter type="INSTRUCTION" missed="6" covered="0"/><counter type="LINE" missed="2" covered="0"/><counter type="COMPLEXITY" missed="1" covered="0"/><counter type="METHOD" missed="1" covered="0"/></method><method name="update" desc="(Lorg/egov/eis/entity/Assignment;)V" line="267"><counter type="INSTRUCTION" missed="5" covered="0"/><counter type="LINE" missed="2" covered="0"/><counter type="COMPLEXITY" missed="1" covered="0"/><counter type="METHOD" missed="1" covered="0"/></method><method name="&lt;clinit&gt;" desc="()V" line="68"><counter type="INSTRUCTION" missed="5" covered="0"/><counter type="LINE" missed="1" covered="0"/><counter type="COMPLEXITY" missed="1" covered="0"/><counter type="METHOD" missed="1" covered="0"/></method><counter type="INSTRUCTION" missed="378" covered="0"/><counter type="BRANCH" missed="36" covered="0"/><counter type="LINE" missed="83" covered="0"/><counter type="COMPLEXITY" missed="28" covered="0"/><counter type="METHOD" missed="10" covered="0"/><counter type="CLASS" missed="1" covered="0"/></class><sourcefile name="StatusMasterDAO.java"><line nr="64" mi="3" ci="0" mb="0" cb="0"/><line nr="70" mi="6" ci="0" mb="0" cb="0"/><line nr="77" mi="5" ci="0" mb="0" cb="0"/><line nr="81" mi="1" ci="0" mb="0" cb="0"/><line nr="84" mi="14" ci="0" mb="0" cb="0"/><line nr="85" mi="1" ci="0" mb="0" cb="0"/><line nr="87" mi="1" ci="0" mb="0" cb="0"/><line nr="93" mi="4" ci="0" mb="0" cb="0"/><line nr="95" mi="1" ci="0" mb="0" cb="0"/><line nr="98" mi="14" ci="0" mb="0" cb="0"/><line nr="99" mi="1" ci="0" mb="0" cb="0"/><line nr="101" mi="1" ci="0" mb="0" cb="0"/><line nr="108" mi="4" ci="0" mb="0" cb="0"/><line nr="112" mi="1" ci="0" mb="0" cb="0"/><line nr="115" mi="14" ci="0" mb="0" cb="0"/><line nr="116" mi="1" ci="0" mb="0" cb="0"/><line nr="118" mi="1" ci="0" mb="0" cb="0"/><line nr="125" mi="8" ci="0" mb="0" cb="0"/><line nr="127" mi="2" ci="0" mb="0" cb="0"/><line nr="129" mi="1" ci="0" mb="0" cb="0"/><line nr="132" mi="14" ci="0" mb="0" cb="0"/><line nr="142" mi="5" ci="0" mb="0" cb="0"/><line nr="143" mi="5" ci="0" mb="0" cb="0"/><line nr="144" mi="4" ci="0" mb="0" cb="0"/><line nr="146" mi="1" ci="0" mb="0" cb="0"/><line nr="148" mi="14" ci="0" mb="0" cb="0"/><counter type="INSTRUCTION" missed="127" covered="0"/><counter type="LINE" missed="26" covered="0"/><counter type="COMPLEXITY" missed="7" covered="0"/><counter type="METHOD" missed="7" covered="0"/><counter type="CLASS" missed="1" covered="0"/></sourcefile><sourcefile name="PersonalInformationHibernateDAO.java"><line nr="77" mi="3" ci="0" mb="0" cb="0"/><line nr="80" mi="4" ci="0" mb="0" cb="0"/><line nr="91" mi="6" ci="0" mb="0" cb="0"/><line nr="97" mi="5" ci="0" mb="0" cb="0"/><line nr="98" mi="6" ci="0" mb="0" cb="0"/><line nr="99" mi="4" ci="0" mb="0" cb="0"/><line nr="106" mi="5" ci="0" mb="0" cb="0"/><line nr="107" mi="4" ci="0" mb="0" cb="0"/><line nr="108" mi="6" ci="0" mb="2" cb="0"/><line nr="110" mi="4" ci="0" mb="0" cb="0"/><line nr="111" mi="7" ci="0" mb="0" cb="0"/><line nr="112" mi="1" ci="0" mb="0" cb="0"/><line nr="114" mi="2" ci="0" mb="0" cb="0"/><line nr="116" mi="1" ci="0" mb="0" cb="0"/><line nr="118" mi="14" ci="0" mb="0" cb="0"/><line nr="124" mi="5" ci="0" mb="0" cb="0"/><line nr="125" mi="6" ci="0" mb="0" cb="0"/><line nr="126" mi="4" ci="0" mb="0" cb="0"/><line nr="132" mi="5" ci="0" mb="0" cb="0"/><line nr="133" mi="7" ci="0" mb="0" cb="0"/><line nr="135" mi="1" ci="0" mb="0" cb="0"/><line nr="138" mi="2" ci="0" mb="0" cb="0"/><line nr="139" mi="5" ci="0" mb="4" cb="0"/><line nr="141" mi="5" ci="0" mb="0" cb="0"/><line nr="142" mi="4" ci="0" mb="2" cb="0"/><line nr="144" mi="5" ci="0" mb="0" cb="0"/><line nr="145" mi="3" ci="0" mb="0" cb="0"/><line nr="146" mi="2" ci="0" mb="0" cb="0"/><line nr="151" mi="5" ci="0" mb="0" cb="0"/><line nr="152" mi="5" ci="0" mb="0" cb="0"/><line nr="153" mi="2" ci="0" mb="0" cb="0"/><line nr="154" mi="4" ci="0" mb="0" cb="0"/><line nr="155" mi="7" ci="0" mb="2" cb="0"/><line nr="157" mi="10" ci="0" mb="0" cb="0"/><line nr="158" mi="3" ci="0" mb="0" cb="0"/><line nr="159" mi="4" ci="0" mb="0" cb="0"/><line nr="160" mi="4" ci="0" mb="0" cb="0"/><line nr="162" mi="10" ci="0" mb="0" cb="0"/><line nr="163" mi="3" ci="0" mb="0" cb="0"/><line nr="164" mi="4" ci="0" mb="0" cb="0"/><line nr="165" mi="2" ci="0" mb="0" cb="0"/><line nr="170" mi="2" ci="0" mb="0" cb="0"/><line nr="177" mi="4" ci="0" mb="0" cb="0"/><line nr="178" mi="5" ci="0" mb="0" cb="0"/><line nr="179" mi="4" ci="0" mb="0" cb="0"/><line nr="180" mi="3" ci="0" mb="2" cb="0"/><line nr="182" mi="5" ci="0" mb="0" cb="0"/><line nr="188" mi="5" ci="0" mb="0" cb="0"/><line nr="189" mi="5" ci="0" mb="0" cb="0"/><line nr="191" mi="6" ci="0" mb="2" cb="0"/><line nr="193" mi="4" ci="0" mb="0" cb="0"/><line nr="195" mi="1" ci="0" mb="0" cb="0"/><line nr="197" mi="2" ci="0" mb="0" cb="0"/><line nr="209" mi="4" ci="0" mb="0" cb="0"/><line nr="210" mi="4" ci="0" mb="0" cb="0"/><line nr="213" mi="5" ci="0" mb="0" cb="0"/><line nr="215" mi="5" ci="0" mb="0" cb="0"/><line nr="216" mi="2" ci="0" mb="2" cb="0"/><line nr="217" mi="4" ci="0" mb="0" cb="0"/><line nr="218" mi="4" ci="0" mb="0" cb="0"/><line nr="219" mi="3" ci="0" mb="2" cb="0"/><line nr="221" mi="5" ci="0" mb="0" cb="0"/><line nr="227" mi="5" ci="0" mb="0" cb="0"/><line nr="228" mi="5" ci="0" mb="0" cb="0"/><line nr="230" mi="6" ci="0" mb="2" cb="0"/><line nr="232" mi="4" ci="0" mb="0" cb="0"/><line nr="234" mi="1" ci="0" mb="0" cb="0"/><line nr="236" mi="2" ci="0" mb="0" cb="0"/><line nr="251" mi="2" ci="0" mb="0" cb="0"/><line nr="252" mi="2" ci="0" mb="0" cb="0"/><line nr="255" mi="4" ci="0" mb="0" cb="0"/><line nr="257" mi="4" ci="0" mb="0" cb="0"/><line nr="258" mi="7" ci="0" mb="4" cb="0"/><line nr="262" mi="4" ci="0" mb="0" cb="0"/><line nr="264" mi="3" ci="0" mb="2" cb="0"/><line nr="266" mi="5" ci="0" mb="0" cb="0"/><line nr="270" mi="5" ci="0" mb="0" cb="0"/><line nr="279" mi="6" ci="0" mb="0" cb="0"/><line nr="280" mi="6" ci="0" mb="0" cb="0"/><line nr="281" mi="5" ci="0" mb="0" cb="0"/><line nr="282" mi="5" ci="0" mb="0" cb="0"/><line nr="283" mi="3" ci="0" mb="0" cb="0"/><line nr="284" mi="3" ci="0" mb="2" cb="0"/><line nr="285" mi="5" ci="0" mb="0" cb="0"/><line nr="294" mi="6" ci="0" mb="0" cb="0"/><line nr="295" mi="6" ci="0" mb="0" cb="0"/><line nr="296" mi="5" ci="0" mb="0" cb="0"/><line nr="297" mi="5" ci="0" mb="0" cb="0"/><line nr="298" mi="3" ci="0" mb="0" cb="0"/><line nr="299" mi="3" ci="0" mb="2" cb="0"/><line nr="300" mi="5" ci="0" mb="0" cb="0"/><line nr="302" mi="4" ci="0" mb="2" cb="0"/><line nr="304" mi="5" ci="0" mb="0" cb="0"/><line nr="307" mi="4" ci="0" mb="2" cb="0"/><line nr="309" mi="6" ci="0" mb="0" cb="0"/><line nr="312" mi="4" ci="0" mb="2" cb="0"/><line nr="313" mi="5" ci="0" mb="0" cb="0"/><line nr="315" mi="4" ci="0" mb="2" cb="0"/><line nr="316" mi="5" ci="0" mb="0" cb="0"/><line nr="320" mi="2" ci="0" mb="0" cb="0"/><line nr="323" mi="1" ci="0" mb="0" cb="0"/><line nr="325" mi="7" ci="0" mb="0" cb="0"/><line nr="344" mi="2" ci="0" mb="0" cb="0"/><line nr="345" mi="2" ci="0" mb="0" cb="0"/><line nr="348" mi="4" ci="0" mb="0" cb="0"/><line nr="350" mi="4" ci="0" mb="0" cb="0"/><line nr="351" mi="7" ci="0" mb="4" cb="0"/><line nr="355" mi="4" ci="0" mb="0" cb="0"/><line nr="357" mi="3" ci="0" mb="2" cb="0"/><line nr="360" mi="5" ci="0" mb="0" cb="0"/><line nr="364" mi="5" ci="0" mb="0" cb="0"/><line nr="374" mi="6" ci="0" mb="0" cb="0"/><line nr="375" mi="6" ci="0" mb="0" cb="0"/><line nr="376" mi="6" ci="0" mb="0" cb="0"/><line nr="377" mi="5" ci="0" mb="0" cb="0"/><line nr="378" mi="5" ci="0" mb="0" cb="0"/><line nr="379" mi="3" ci="0" mb="0" cb="0"/><line nr="380" mi="3" ci="0" mb="2" cb="0"/><line nr="381" mi="5" ci="0" mb="0" cb="0"/><line nr="391" mi="6" ci="0" mb="0" cb="0"/><line nr="392" mi="6" ci="0" mb="0" cb="0"/><line nr="393" mi="6" ci="0" mb="0" cb="0"/><line nr="394" mi="5" ci="0" mb="0" cb="0"/><line nr="395" mi="5" ci="0" mb="0" cb="0"/><line nr="396" mi="3" ci="0" mb="0" cb="0"/><line nr="397" mi="3" ci="0" mb="2" cb="0"/><line nr="398" mi="5" ci="0" mb="0" cb="0"/><line nr="400" mi="4" ci="0" mb="2" cb="0"/><line nr="402" mi="5" ci="0" mb="0" cb="0"/><line nr="405" mi="4" ci="0" mb="2" cb="0"/><line nr="407" mi="6" ci="0" mb="0" cb="0"/><line nr="410" mi="4" ci="0" mb="2" cb="0"/><line nr="411" mi="5" ci="0" mb="0" cb="0"/><line nr="413" mi="4" ci="0" mb="2" cb="0"/><line nr="414" mi="5" ci="0" mb="0" cb="0"/><line nr="418" mi="2" ci="0" mb="0" cb="0"/><line nr="421" mi="1" ci="0" mb="0" cb="0"/><line nr="424" mi="7" ci="0" mb="0" cb="0"/><line nr="443" mi="2" ci="0" mb="0" cb="0"/><line nr="444" mi="3" ci="0" mb="0" cb="0"/><line nr="445" mi="2" ci="0" mb="0" cb="0"/><line nr="446" mi="5" ci="0" mb="0" cb="0"/><line nr="453" mi="6" ci="0" mb="0" cb="0"/><line nr="454" mi="6" ci="0" mb="0" cb="0"/><line nr="455" mi="6" ci="0" mb="0" cb="0"/><line nr="456" mi="5" ci="0" mb="0" cb="0"/><line nr="457" mi="11" ci="0" mb="0" cb="0"/><line nr="458" mi="3" ci="0" mb="0" cb="0"/><line nr="459" mi="3" ci="0" mb="2" cb="0"/><line nr="460" mi="5" ci="0" mb="0" cb="0"/><line nr="462" mi="4" ci="0" mb="2" cb="0"/><line nr="463" mi="5" ci="0" mb="0" cb="0"/><line nr="465" mi="4" ci="0" mb="2" cb="0"/><line nr="466" mi="5" ci="0" mb="0" cb="0"/><line nr="468" mi="2" ci="0" mb="0" cb="0"/><line nr="473" mi="2" ci="0" mb="0" cb="0"/><line nr="478" mi="5" ci="0" mb="0" cb="0"/><line nr="479" mi="6" ci="0" mb="0" cb="0"/><line nr="480" mi="11" ci="0" mb="0" cb="0"/><line nr="481" mi="3" ci="0" mb="0" cb="0"/><line nr="485" mi="1" ci="0" mb="0" cb="0"/><line nr="488" mi="6" ci="0" mb="0" cb="0"/><line nr="489" mi="1" ci="0" mb="0" cb="0"/><line nr="494" mi="2" ci="0" mb="0" cb="0"/><line nr="499" mi="2" ci="0" mb="0" cb="0"/><line nr="502" mi="5" ci="0" mb="0" cb="0"/><line nr="503" mi="6" ci="0" mb="0" cb="0"/><line nr="504" mi="3" ci="0" mb="0" cb="0"/><line nr="507" mi="1" ci="0" mb="0" cb="0"/><line nr="508" mi="6" ci="0" mb="0" cb="0"/><line nr="510" mi="1" ci="0" mb="0" cb="0"/><line nr="513" mi="2" ci="0" mb="0" cb="0"/><line nr="518" mi="2" ci="0" mb="0" cb="0"/><line nr="519" mi="5" ci="0" mb="0" cb="0"/><line nr="521" mi="6" ci="0" mb="0" cb="0"/><line nr="522" mi="3" ci="0" mb="0" cb="0"/><line nr="523" mi="2" ci="0" mb="0" cb="0"/><line nr="531" mi="5" ci="0" mb="0" cb="0"/><line nr="534" mi="3" ci="0" mb="0" cb="0"/><line nr="540" mi="5" ci="0" mb="0" cb="0"/><line nr="541" mi="1" ci="0" mb="0" cb="0"/><line nr="546" mi="4" ci="0" mb="0" cb="0"/><line nr="547" mi="1" ci="0" mb="0" cb="0"/><counter type="INSTRUCTION" missed="781" covered="0"/><counter type="BRANCH" missed="62" covered="0"/><counter type="LINE" missed="183" covered="0"/><counter type="COMPLEXITY" missed="50" covered="0"/><counter type="METHOD" missed="19" covered="0"/><counter type="CLASS" missed="1" covered="0"/></sourcefile><sourcefile name="AssignmentHibernateDAO.java"><line nr="66" mi="3" ci="0" mb="0" cb="0"/><line nr="68" mi="5" ci="0" mb="0" cb="0"/><line nr="74" mi="6" ci="0" mb="0" cb="0"/><line nr="79" mi="7" ci="0" mb="0" cb="0"/><line nr="83" mi="2" ci="0" mb="0" cb="0"/><line nr="86" mi="5" ci="0" mb="0" cb="0"/><line nr="89" mi="6" ci="0" mb="0" cb="0"/><line nr="92" mi="5" ci="0" mb="0" cb="0"/><line nr="93" mi="3" ci="0" mb="0" cb="0"/><line nr="95" mi="1" ci="0" mb="0" cb="0"/><line nr="96" mi="4" ci="0" mb="0" cb="0"/><line nr="97" mi="14" ci="0" mb="0" cb="0"/><line nr="98" mi="1" ci="0" mb="0" cb="0"/><line nr="100" mi="4" ci="0" mb="0" cb="0"/><line nr="101" mi="14" ci="0" mb="0" cb="0"/><line nr="102" mi="1" ci="0" mb="0" cb="0"/><line nr="103" mi="2" ci="0" mb="0" cb="0"/><line nr="107" mi="2" ci="0" mb="0" cb="0"/><line nr="110" mi="5" ci="0" mb="0" cb="0"/><line nr="112" mi="6" ci="0" mb="0" cb="0"/><line nr="115" mi="5" ci="0" mb="0" cb="0"/><line nr="116" mi="6" ci="0" mb="0" cb="0"/><line nr="118" mi="4" ci="0" mb="0" cb="0"/><line nr="120" mi="1" ci="0" mb="0" cb="0"/><line nr="122" mi="4" ci="0" mb="0" cb="0"/><line nr="123" mi="14" ci="0" mb="0" cb="0"/><line nr="124" mi="1" ci="0" mb="0" cb="0"/><line nr="126" mi="4" ci="0" mb="0" cb="0"/><line nr="127" mi="14" ci="0" mb="0" cb="0"/><line nr="128" mi="1" ci="0" mb="0" cb="0"/><line nr="129" mi="2" ci="0" mb="0" cb="0"/><line nr="142" mi="2" ci="0" mb="0" cb="0"/><line nr="145" mi="2" ci="0" mb="0" cb="0"/><line nr="147" mi="5" ci="0" mb="0" cb="0"/><line nr="150" mi="2" ci="0" mb="2" cb="0"/><line nr="152" mi="4" ci="0" mb="0" cb="0"/><line nr="154" mi="5" ci="0" mb="4" cb="0"/><line nr="156" mi="4" ci="0" mb="0" cb="0"/><line nr="159" mi="6" ci="0" mb="0" cb="0"/><line nr="160" mi="2" ci="0" mb="2" cb="0"/><line nr="162" mi="5" ci="0" mb="0" cb="0"/><line nr="164" mi="5" ci="0" mb="4" cb="0"/><line nr="166" mi="6" ci="0" mb="0" cb="0"/><line nr="169" mi="3" ci="0" mb="0" cb="0"/><line nr="172" mi="1" ci="0" mb="0" cb="0"/><line nr="173" mi="4" ci="0" mb="0" cb="0"/><line nr="174" mi="14" ci="0" mb="0" cb="0"/><line nr="175" mi="1" ci="0" mb="0" cb="0"/><line nr="177" mi="4" ci="0" mb="0" cb="0"/><line nr="178" mi="14" ci="0" mb="0" cb="0"/><line nr="179" mi="1" ci="0" mb="0" cb="0"/><line nr="181" mi="2" ci="0" mb="0" cb="0"/><line nr="195" mi="2" ci="0" mb="0" cb="0"/><line nr="198" mi="2" ci="0" mb="0" cb="0"/><line nr="200" mi="5" ci="0" mb="0" cb="0"/><line nr="202" mi="6" ci="0" mb="4" cb="0"/><line nr="204" mi="4" ci="0" mb="0" cb="0"/><line nr="209" mi="5" ci="0" mb="4" cb="0"/><line nr="211" mi="5" ci="0" mb="0" cb="0"/><line nr="217" mi="2" ci="0" mb="2" cb="0"/><line nr="219" mi="4" ci="0" mb="0" cb="0"/><line nr="222" mi="5" ci="0" mb="4" cb="0"/><line nr="224" mi="4" ci="0" mb="0" cb="0"/><line nr="229" mi="6" ci="0" mb="0" cb="0"/><line nr="230" mi="2" ci="0" mb="2" cb="0"/><line nr="232" mi="5" ci="0" mb="0" cb="0"/><line nr="234" mi="5" ci="0" mb="4" cb="0"/><line nr="236" mi="6" ci="0" mb="0" cb="0"/><line nr="238" mi="6" ci="0" mb="4" cb="0"/><line nr="240" mi="5" ci="0" mb="0" cb="0"/><line nr="242" mi="3" ci="0" mb="0" cb="0"/><line nr="245" mi="1" ci="0" mb="0" cb="0"/><line nr="246" mi="4" ci="0" mb="0" cb="0"/><line nr="247" mi="14" ci="0" mb="0" cb="0"/><line nr="248" mi="1" ci="0" mb="0" cb="0"/><line nr="250" mi="4" ci="0" mb="0" cb="0"/><line nr="251" mi="14" ci="0" mb="0" cb="0"/><line nr="252" mi="1" ci="0" mb="0" cb="0"/><line nr="254" mi="2" ci="0" mb="0" cb="0"/><line nr="261" mi="5" ci="0" mb="0" cb="0"/><line nr="262" mi="1" ci="0" mb="0" cb="0"/><line nr="267" mi="4" ci="0" mb="0" cb="0"/><line nr="268" mi="1" ci="0" mb="0" cb="0"/><counter type="INSTRUCTION" missed="378" covered="0"/><counter type="BRANCH" missed="36" covered="0"/><counter type="LINE" missed="83" covered="0"/><counter type="COMPLEXITY" missed="28" covered="0"/><counter type="METHOD" missed="10" covered="0"/><counter type="CLASS" missed="1" covered="0"/></sourcefile><sourcefile name="GenericMasterDAO.java"><line nr="66" mi="3" ci="0" mb="0" cb="0"/><line nr="72" mi="6" ci="0" mb="0" cb="0"/><line nr="79" mi="5" ci="0" mb="0" cb="0"/><line nr="82" mi="1" ci="0" mb="0" cb="0"/><line nr="85" mi="14" ci="0" mb="0" cb="0"/><line nr="86" mi="1" ci="0" mb="0" cb="0"/><line nr="88" mi="1" ci="0" mb="0" cb="0"/><line nr="94" mi="4" ci="0" mb="0" cb="0"/><line nr="96" mi="1" ci="0" mb="0" cb="0"/><line nr="98" mi="14" ci="0" mb="0" cb="0"/><line nr="100" mi="1" ci="0" mb="0" cb="0"/><line nr="102" mi="1" ci="0" mb="0" cb="0"/><line nr="108" mi="4" ci="0" mb="0" cb="0"/><line nr="110" mi="1" ci="0" mb="0" cb="0"/><line nr="113" mi="14" ci="0" mb="0" cb="0"/><line nr="115" mi="1" ci="0" mb="0" cb="0"/><line nr="117" mi="1" ci="0" mb="0" cb="0"/><line nr="123" mi="9" ci="0" mb="0" cb="0"/><line nr="124" mi="9" ci="0" mb="0" cb="0"/><line nr="126" mi="2" ci="0" mb="0" cb="0"/><line nr="127" mi="1" ci="0" mb="0" cb="0"/><line nr="129" mi="14" ci="0" mb="0" cb="0"/><line nr="132" mi="1" ci="0" mb="0" cb="0"/><line nr="135" mi="14" ci="0" mb="0" cb="0"/><counter type="INSTRUCTION" missed="123" covered="0"/><counter type="LINE" missed="24" covered="0"/><counter type="COMPLEXITY" missed="6" covered="0"/><counter type="METHOD" missed="6" covered="0"/><counter type="CLASS" missed="1" covered="0"/></sourcefile><counter type="INSTRUCTION" missed="1409" covered="0"/><counter type="BRANCH" missed="98" covered="0"/><counter type="LINE" missed="316" covered="0"/><counter type="COMPLEXITY" missed="91" covered="0"/><counter type="METHOD" missed="42" covered="0"/><counter type="CLASS" missed="4" covered="0"/></package><package name="org/egov/eis/entity/enums"><class name="org/egov/eis/entity/enums/EmployeeGrievanceStatus"><method name="values" desc="()[Lorg/egov/eis/entity/enums/EmployeeGrievanceStatus;" line="51"><counter type="INSTRUCTION" missed="4" covered="0"/><counter type="LINE" missed="1" covered="0"/><counter type="COMPLEXITY" missed="1" covered="0"/><counter type="METHOD" missed="1" covered="0"/></method><method name="valueOf" desc="(Ljava/lang/String;)Lorg/egov/eis/entity/enums/EmployeeGrievanceStatus;" line="51"><counter type="INSTRUCTION" missed="5" covered="0"/><counter type="LINE" missed="1" covered="0"/><counter type="COMPLEXITY" missed="1" covered="0"/><counter type="METHOD" missed="1" covered="0"/></method><method name="&lt;init&gt;" desc="(Ljava/lang/String;I)V" line="51"><counter type="INSTRUCTION" missed="5" covered="0"/><counter type="LINE" missed="1" covered="0"/><counter type="COMPLEXITY" missed="1" covered="0"/><counter type="METHOD" missed="1" covered="0"/></method><method name="&lt;clinit&gt;" desc="()V" line="51"><counter type="INSTRUCTION" missed="44" covered="0"/><counter type="LINE" missed="2" covered="0"/><counter type="COMPLEXITY" missed="1" covered="0"/><counter type="METHOD" missed="1" covered="0"/></method><counter type="INSTRUCTION" missed="58" covered="0"/><counter type="LINE" missed="2" covered="0"/><counter type="COMPLEXITY" missed="4" covered="0"/><counter type="METHOD" missed="4" covered="0"/><counter type="CLASS" missed="1" covered="0"/></class><class name="org/egov/eis/entity/enums/EmployeeStatus"><method name="values" desc="()[Lorg/egov/eis/entity/enums/EmployeeStatus;" line="53"><counter type="INSTRUCTION" missed="4" covered="0"/><counter type="LINE" missed="1" covered="0"/><counter type="COMPLEXITY" missed="1" covered="0"/><counter type="METHOD" missed="1" covered="0"/></method><method name="valueOf" desc="(Ljava/lang/String;)Lorg/egov/eis/entity/enums/EmployeeStatus;" line="53"><counter type="INSTRUCTION" missed="5" covered="0"/><counter type="LINE" missed="1" covered="0"/><counter type="COMPLEXITY" missed="1" covered="0"/><counter type="METHOD" missed="1" covered="0"/></method><method name="&lt;init&gt;" desc="(Ljava/lang/String;I)V" line="53"><counter type="INSTRUCTION" missed="5" covered="0"/><counter type="LINE" missed="1" covered="0"/><counter type="COMPLEXITY" missed="1" covered="0"/><counter type="METHOD" missed="1" covered="0"/></method><method name="toString" desc="()Ljava/lang/String;" line="59"><counter type="INSTRUCTION" missed="4" covered="0"/><counter type="LINE" missed="1" covered="0"/><counter type="COMPLEXITY" missed="1" covered="0"/><counter type="METHOD" missed="1" covered="0"/></method><method name="&lt;clinit&gt;" desc="()V" line="53"><counter type="INSTRUCTION" missed="104" covered="0"/><counter type="LINE" missed="2" covered="0"/><counter type="COMPLEXITY" missed="1" covered="0"/><counter type="METHOD" missed="1" covered="0"/></method><counter type="INSTRUCTION" missed="122" covered="0"/><counter type="LINE" missed="3" covered="0"/><counter type="COMPLEXITY" missed="5" covered="0"/><counter type="METHOD" missed="5" covered="0"/><counter type="CLASS" missed="1" covered="0"/></class><sourcefile name="EmployeeStatus.java"><line nr="53" mi="58" ci="0" mb="0" cb="0"/><line nr="55" mi="60" ci="0" mb="0" cb="0"/><line nr="59" mi="4" ci="0" mb="0" cb="0"/><counter type="INSTRUCTION" missed="122" covered="0"/><counter type="LINE" missed="3" covered="0"/><counter type="COMPLEXITY" missed="5" covered="0"/><counter type="METHOD" missed="5" covered="0"/><counter type="CLASS" missed="1" covered="0"/></sourcefile><sourcefile name="EmployeeGrievanceStatus.java"><line nr="51" mi="34" ci="0" mb="0" cb="0"/><line nr="52" mi="24" ci="0" mb="0" cb="0"/><counter type="INSTRUCTION" missed="58" covered="0"/><counter type="LINE" missed="2" covered="0"/><counter type="COMPLEXITY" missed="4" covered="0"/><counter type="METHOD" missed="4" covered="0"/><counter type="CLASS" missed="1" covered="0"/></sourcefile><counter type="INSTRUCTION" missed="180" covered="0"/><counter type="LINE" missed="5" covered="0"/><counter type="COMPLEXITY" missed="9" covered="0"/><counter type="METHOD" missed="9" covered="0"/><counter type="CLASS" missed="2" covered="0"/></package><package name="org/egov/eis/contract"><class name="org/egov/eis/contract/EmployeeDetailsResponse"><method name="&lt;init&gt;" desc="()V" line="53"><counter type="INSTRUCTION" missed="3" covered="0"/><counter type="LINE" missed="1" covered="0"/><counter type="COMPLEXITY" missed="1" covered="0"/><counter type="METHOD" missed="1" covered="0"/></method><method name="getEmployeeResponse" desc="()Lorg/egov/eis/contract/EmployeeResponse;" line="62"><counter type="INSTRUCTION" missed="3" covered="0"/><counter type="LINE" missed="1" covered="0"/><counter type="COMPLEXITY" missed="1" covered="0"/><counter type="METHOD" missed="1" covered="0"/></method><method name="setEmployeeResponse" desc="(Lorg/egov/eis/contract/EmployeeResponse;)V" line="66"><counter type="INSTRUCTION" missed="4" covered="0"/><counter type="LINE" missed="2" covered="0"/><counter type="COMPLEXITY" missed="1" covered="0"/><counter type="METHOD" missed="1" covered="0"/></method><method name="getResponseInfo" desc="()Lorg/egov/eis/contract/ResponseInfo;" line="70"><counter type="INSTRUCTION" missed="3" covered="0"/><counter type="LINE" missed="1" covered="0"/><counter type="COMPLEXITY" missed="1" covered="0"/><counter type="METHOD" missed="1" covered="0"/></method><method name="setResponseInfo" desc="(Lorg/egov/eis/contract/ResponseInfo;)V" line="74"><counter type="INSTRUCTION" missed="4" covered="0"/><counter type="LINE" missed="2" covered="0"/><counter type="COMPLEXITY" missed="1" covered="0"/><counter type="METHOD" missed="1" covered="0"/></method><counter type="INSTRUCTION" missed="17" covered="0"/><counter type="LINE" missed="7" covered="0"/><counter type="COMPLEXITY" missed="5" covered="0"/><counter type="METHOD" missed="5" covered="0"/><counter type="CLASS" missed="1" covered="0"/></class><class name="org/egov/eis/contract/EmployeeRequest"><method name="&lt;init&gt;" desc="()V" line="57"><counter type="INSTRUCTION" missed="3" covered="0"/><counter type="LINE" missed="1" covered="0"/><counter type="COMPLEXITY" missed="1" covered="0"/><counter type="METHOD" missed="1" covered="0"/></method><method name="getCode" desc="()Ljava/lang/String;" line="77"><counter type="INSTRUCTION" missed="3" covered="0"/><counter type="LINE" missed="1" covered="0"/><counter type="COMPLEXITY" missed="1" covered="0"/><counter type="METHOD" missed="1" covered="0"/></method><method name="setCode" desc="(Ljava/lang/String;)V" line="81"><counter type="INSTRUCTION" missed="4" covered="0"/><counter type="LINE" missed="2" covered="0"/><counter type="COMPLEXITY" missed="1" covered="0"/><counter type="METHOD" missed="1" covered="0"/></method><method name="getFromDate" desc="()Ljava/util/Date;" line="85"><counter type="INSTRUCTION" missed="3" covered="0"/><counter type="LINE" missed="1" covered="0"/><counter type="COMPLEXITY" missed="1" covered="0"/><counter type="METHOD" missed="1" covered="0"/></method><method name="setFromDate" desc="(Ljava/util/Date;)V" line="89"><counter type="INSTRUCTION" missed="4" covered="0"/><counter type="LINE" missed="2" covered="0"/><counter type="COMPLEXITY" missed="1" covered="0"/><counter type="METHOD" missed="1" covered="0"/></method><method name="getToDate" desc="()Ljava/util/Date;" line="93"><counter type="INSTRUCTION" missed="3" covered="0"/><counter type="LINE" missed="1" covered="0"/><counter type="COMPLEXITY" missed="1" covered="0"/><counter type="METHOD" missed="1" covered="0"/></method><method name="setToDate" desc="(Ljava/util/Date;)V" line="97"><counter type="INSTRUCTION" missed="4" covered="0"/><counter type="LINE" missed="2" covered="0"/><counter type="COMPLEXITY" missed="1" covered="0"/><counter type="METHOD" missed="1" covered="0"/></method><method name="getPositionName" desc="()Ljava/lang/String;" line="101"><counter type="INSTRUCTION" missed="3" covered="0"/><counter type="LINE" missed="1" covered="0"/><counter type="COMPLEXITY" missed="1" covered="0"/><counter type="METHOD" missed="1" covered="0"/></method><method name="setPositionName" desc="(Ljava/lang/String;)V" line="105"><counter type="INSTRUCTION" missed="4" covered="0"/><counter type="LINE" missed="2" covered="0"/><counter type="COMPLEXITY" missed="1" covered="0"/><counter type="METHOD" missed="1" covered="0"/></method><method name="getIsPositionChanged" desc="()Ljava/lang/Boolean;" line="109"><counter type="INSTRUCTION" missed="3" covered="0"/><counter type="LINE" missed="1" covered="0"/><counter type="COMPLEXITY" missed="1" covered="0"/><counter type="METHOD" missed="1" covered="0"/></method><method name="setIsPositionChanged" desc="(Ljava/lang/Boolean;)V" line="113"><counter type="INSTRUCTION" missed="4" covered="0"/><counter type="LINE" missed="2" covered="0"/><counter type="COMPLEXITY" missed="1" covered="0"/><counter type="METHOD" missed="1" covered="0"/></method><counter type="INSTRUCTION" missed="38" covered="0"/><counter type="LINE" missed="16" covered="0"/><counter type="COMPLEXITY" missed="11" covered="0"/><counter type="METHOD" missed="11" covered="0"/><counter type="CLASS" missed="1" covered="0"/></class><class name="org/egov/eis/contract/EmployeeResponse"><method name="&lt;init&gt;" desc="()V" line="53"><counter type="INSTRUCTION" missed="3" covered="0"/><counter type="LINE" missed="1" covered="0"/><counter type="COMPLEXITY" missed="1" covered="0"/><counter type="METHOD" missed="1" covered="0"/></method><method name="getCode" desc="()Ljava/lang/String;" line="65"><counter type="INSTRUCTION" missed="3" covered="0"/><counter type="LINE" missed="1" covered="0"/><counter type="COMPLEXITY" missed="1" covered="0"/><counter type="METHOD" missed="1" covered="0"/></method><method name="setCode" desc="(Ljava/lang/String;)V" line="69"><counter type="INSTRUCTION" missed="4" covered="0"/><counter type="LINE" missed="2" covered="0"/><counter type="COMPLEXITY" missed="1" covered="0"/><counter type="METHOD" missed="1" covered="0"/></method><method name="getFromDate" desc="()Ljava/util/Date;" line="73"><counter type="INSTRUCTION" missed="3" covered="0"/><counter type="LINE" missed="1" covered="0"/><counter type="COMPLEXITY" missed="1" covered="0"/><counter type="METHOD" missed="1" covered="0"/></method><method name="setFromDate" desc="(Ljava/util/Date;)V" line="77"><counter type="INSTRUCTION" missed="4" covered="0"/><counter type="LINE" missed="2" covered="0"/><counter type="COMPLEXITY" missed="1" covered="0"/><counter type="METHOD" missed="1" covered="0"/></method><method name="getToDate" desc="()Ljava/util/Date;" line="81"><counter type="INSTRUCTION" missed="3" covered="0"/><counter type="LINE" missed="1" covered="0"/><counter type="COMPLEXITY" missed="1" covered="0"/><counter type="METHOD" missed="1" covered="0"/></method><method name="setToDate" desc="(Ljava/util/Date;)V" line="85"><counter type="INSTRUCTION" missed="4" covered="0"/><counter type="LINE" missed="2" covered="0"/><counter type="COMPLEXITY" missed="1" covered="0"/><counter type="METHOD" missed="1" covered="0"/></method><method name="getPositionName" desc="()Ljava/lang/String;" line="89"><counter type="INSTRUCTION" missed="3" covered="0"/><counter type="LINE" missed="1" covered="0"/><counter type="COMPLEXITY" missed="1" covered="0"/><counter type="METHOD" missed="1" covered="0"/></method><method name="setPositionName" desc="(Ljava/lang/String;)V" line="93"><counter type="INSTRUCTION" missed="4" covered="0"/><counter type="LINE" missed="2" covered="0"/><counter type="COMPLEXITY" missed="1" covered="0"/><counter type="METHOD" missed="1" covered="0"/></method><counter type="INSTRUCTION" missed="31" covered="0"/><counter type="LINE" missed="13" covered="0"/><counter type="COMPLEXITY" missed="9" covered="0"/><counter type="METHOD" missed="9" covered="0"/><counter type="CLASS" missed="1" covered="0"/></class><class name="org/egov/eis/contract/RequestInfo"><method name="&lt;init&gt;" desc="()V" line="54"><counter type="INSTRUCTION" missed="3" covered="0"/><counter type="LINE" missed="1" covered="0"/><counter type="COMPLEXITY" missed="1" covered="0"/><counter type="METHOD" missed="1" covered="0"/></method><method name="getApiId" desc="()Ljava/lang/String;" line="77"><counter type="INSTRUCTION" missed="3" covered="0"/><counter type="LINE" missed="1" covered="0"/><counter type="COMPLEXITY" missed="1" covered="0"/><counter type="METHOD" missed="1" covered="0"/></method><method name="setApiId" desc="(Ljava/lang/String;)V" line="81"><counter type="INSTRUCTION" missed="4" covered="0"/><counter type="LINE" missed="2" covered="0"/><counter type="COMPLEXITY" missed="1" covered="0"/><counter type="METHOD" missed="1" covered="0"/></method><method name="getVer" desc="()Ljava/lang/String;" line="85"><counter type="INSTRUCTION" missed="3" covered="0"/><counter type="LINE" missed="1" covered="0"/><counter type="COMPLEXITY" missed="1" covered="0"/><counter type="METHOD" missed="1" covered="0"/></method><method name="setVer" desc="(Ljava/lang/String;)V" line="89"><counter type="INSTRUCTION" missed="4" covered="0"/><counter type="LINE" missed="2" covered="0"/><counter type="COMPLEXITY" missed="1" covered="0"/><counter type="METHOD" missed="1" covered="0"/></method><method name="getTs" desc="()Ljava/util/Date;" line="93"><counter type="INSTRUCTION" missed="3" covered="0"/><counter type="LINE" missed="1" covered="0"/><counter type="COMPLEXITY" missed="1" covered="0"/><counter type="METHOD" missed="1" covered="0"/></method><method name="setTs" desc="(Ljava/util/Date;)V" line="97"><counter type="INSTRUCTION" missed="4" covered="0"/><counter type="LINE" missed="2" covered="0"/><counter type="COMPLEXITY" missed="1" covered="0"/><counter type="METHOD" missed="1" covered="0"/></method><method name="getAction" desc="()Ljava/lang/String;" line="101"><counter type="INSTRUCTION" missed="3" covered="0"/><counter type="LINE" missed="1" covered="0"/><counter type="COMPLEXITY" missed="1" covered="0"/><counter type="METHOD" missed="1" covered="0"/></method><method name="setAction" desc="(Ljava/lang/String;)V" line="105"><counter type="INSTRUCTION" missed="4" covered="0"/><counter type="LINE" missed="2" covered="0"/><counter type="COMPLEXITY" missed="1" covered="0"/><counter type="METHOD" missed="1" covered="0"/></method><method name="getDid" desc="()Ljava/lang/String;" line="109"><counter type="INSTRUCTION" missed="3" covered="0"/><counter type="LINE" missed="1" covered="0"/><counter type="COMPLEXITY" missed="1" covered="0"/><counter type="METHOD" missed="1" covered="0"/></method><method name="setDid" desc="(Ljava/lang/String;)V" line="113"><counter type="INSTRUCTION" missed="4" covered="0"/><counter type="LINE" missed="2" covered="0"/><counter type="COMPLEXITY" missed="1" covered="0"/><counter type="METHOD" missed="1" covered="0"/></method><method name="getKey" desc="()Ljava/lang/String;" line="117"><counter type="INSTRUCTION" missed="3" covered="0"/><counter type="LINE" missed="1" covered="0"/><counter type="COMPLEXITY" missed="1" covered="0"/><counter type="METHOD" missed="1" covered="0"/></method><method name="setKey" desc="(Ljava/lang/String;)V" line="121"><counter type="INSTRUCTION" missed="4" covered="0"/><counter type="LINE" missed="2" covered="0"/><counter type="COMPLEXITY" missed="1" covered="0"/><counter type="METHOD" missed="1" covered="0"/></method><method name="getMsgId" desc="()Ljava/lang/String;" line="125"><counter type="INSTRUCTION" missed="3" covered="0"/><counter type="LINE" missed="1" covered="0"/><counter type="COMPLEXITY" missed="1" covered="0"/><counter type="METHOD" missed="1" covered="0"/></method><method name="setMsgId" desc="(Ljava/lang/String;)V" line="129"><counter type="INSTRUCTION" missed="4" covered="0"/><counter type="LINE" missed="2" covered="0"/><counter type="COMPLEXITY" missed="1" covered="0"/><counter type="METHOD" missed="1" covered="0"/></method><method name="getAuthToken" desc="()Ljava/lang/String;" line="133"><counter type="INSTRUCTION" missed="3" covered="0"/><counter type="LINE" missed="1" covered="0"/><counter type="COMPLEXITY" missed="1" covered="0"/><counter type="METHOD" missed="1" covered="0"/></method><method name="setAuthToken" desc="(Ljava/lang/String;)V" line="137"><counter type="INSTRUCTION" missed="4" covered="0"/><counter type="LINE" missed="2" covered="0"/><counter type="COMPLEXITY" missed="1" covered="0"/><counter type="METHOD" missed="1" covered="0"/></method><method name="getCorrelationId" desc="()Ljava/lang/String;" line="141"><counter type="INSTRUCTION" missed="3" covered="0"/><counter type="LINE" missed="1" covered="0"/><counter type="COMPLEXITY" missed="1" covered="0"/><counter type="METHOD" missed="1" covered="0"/></method><method name="setCorrelationId" desc="(Ljava/lang/String;)V" line="145"><counter type="INSTRUCTION" missed="4" covered="0"/><counter type="LINE" missed="2" covered="0"/><counter type="COMPLEXITY" missed="1" covered="0"/><counter type="METHOD" missed="1" covered="0"/></method><method name="getUserInfo" desc="()Lorg/egov/infra/admin/master/entity/User;" line="149"><counter type="INSTRUCTION" missed="3" covered="0"/><counter type="LINE" missed="1" covered="0"/><counter type="COMPLEXITY" missed="1" covered="0"/><counter type="METHOD" missed="1" covered="0"/></method><method name="setUserInfo" desc="(Lorg/egov/infra/admin/master/entity/User;)V" line="153"><counter type="INSTRUCTION" missed="4" covered="0"/><counter type="LINE" missed="2" covered="0"/><counter type="COMPLEXITY" missed="1" covered="0"/><counter type="METHOD" missed="1" covered="0"/></method><counter type="INSTRUCTION" missed="73" covered="0"/><counter type="LINE" missed="31" covered="0"/><counter type="COMPLEXITY" missed="21" covered="0"/><counter type="METHOD" missed="21" covered="0"/><counter type="CLASS" missed="1" covered="0"/></class><class name="org/egov/eis/contract/ResponseInfo"><method name="&lt;init&gt;" desc="()V" line="50"><counter type="INSTRUCTION" missed="3" covered="0"/><counter type="LINE" missed="1" covered="0"/><counter type="COMPLEXITY" missed="1" covered="0"/><counter type="METHOD" missed="1" covered="0"/></method><method name="getApiId" desc="()Ljava/lang/String;" line="65"><counter type="INSTRUCTION" missed="3" covered="0"/><counter type="LINE" missed="1" covered="0"/><counter type="COMPLEXITY" missed="1" covered="0"/><counter type="METHOD" missed="1" covered="0"/></method><method name="setApiId" desc="(Ljava/lang/String;)V" line="69"><counter type="INSTRUCTION" missed="4" covered="0"/><counter type="LINE" missed="2" covered="0"/><counter type="COMPLEXITY" missed="1" covered="0"/><counter type="METHOD" missed="1" covered="0"/></method><method name="getVer" desc="()Ljava/lang/String;" line="73"><counter type="INSTRUCTION" missed="3" covered="0"/><counter type="LINE" missed="1" covered="0"/><counter type="COMPLEXITY" missed="1" covered="0"/><counter type="METHOD" missed="1" covered="0"/></method><method name="setVer" desc="(Ljava/lang/String;)V" line="77"><counter type="INSTRUCTION" missed="4" covered="0"/><counter type="LINE" missed="2" covered="0"/><counter type="COMPLEXITY" missed="1" covered="0"/><counter type="METHOD" missed="1" covered="0"/></method><method name="getTs" desc="()Ljava/lang/String;" line="81"><counter type="INSTRUCTION" missed="3" covered="0"/><counter type="LINE" missed="1" covered="0"/><counter type="COMPLEXITY" missed="1" covered="0"/><counter type="METHOD" missed="1" covered="0"/></method><method name="setTs" desc="(Ljava/lang/String;)V" line="85"><counter type="INSTRUCTION" missed="4" covered="0"/><counter type="LINE" missed="2" covered="0"/><counter type="COMPLEXITY" missed="1" covered="0"/><counter type="METHOD" missed="1" covered="0"/></method><method name="getResMsgId" desc="()Ljava/lang/String;" line="89"><counter type="INSTRUCTION" missed="3" covered="0"/><counter type="LINE" missed="1" covered="0"/><counter type="COMPLEXITY" missed="1" covered="0"/><counter type="METHOD" missed="1" covered="0"/></method><method name="setResMsgId" desc="(Ljava/lang/String;)V" line="93"><counter type="INSTRUCTION" missed="4" covered="0"/><counter type="LINE" missed="2" covered="0"/><counter type="COMPLEXITY" missed="1" covered="0"/><counter type="METHOD" missed="1" covered="0"/></method><method name="getMsgId" desc="()Ljava/lang/String;" line="97"><counter type="INSTRUCTION" missed="3" covered="0"/><counter type="LINE" missed="1" covered="0"/><counter type="COMPLEXITY" missed="1" covered="0"/><counter type="METHOD" missed="1" covered="0"/></method><method name="setMsgId" desc="(Ljava/lang/String;)V" line="101"><counter type="INSTRUCTION" missed="4" covered="0"/><counter type="LINE" missed="2" covered="0"/><counter type="COMPLEXITY" missed="1" covered="0"/><counter type="METHOD" missed="1" covered="0"/></method><method name="getStatus" desc="()Ljava/lang/String;" line="105"><counter type="INSTRUCTION" missed="3" covered="0"/><counter type="LINE" missed="1" covered="0"/><counter type="COMPLEXITY" missed="1" covered="0"/><counter type="METHOD" missed="1" covered="0"/></method><method name="setStatus" desc="(Ljava/lang/String;)V" line="109"><counter type="INSTRUCTION" missed="4" covered="0"/><counter type="LINE" missed="2" covered="0"/><counter type="COMPLEXITY" missed="1" covered="0"/><counter type="METHOD" missed="1" covered="0"/></method><counter type="INSTRUCTION" missed="45" covered="0"/><counter type="LINE" missed="19" covered="0"/><counter type="COMPLEXITY" missed="13" covered="0"/><counter type="METHOD" missed="13" covered="0"/><counter type="CLASS" missed="1" covered="0"/></class><class name="org/egov/eis/contract/ErrorDetail"><method name="&lt;init&gt;" desc="()V" line="58"><counter type="INSTRUCTION" missed="5" covered="0"/><counter type="LINE" missed="2" covered="0"/><counter type="COMPLEXITY" missed="1" covered="0"/><counter type="METHOD" missed="1" covered="0"/></method><method name="&lt;init&gt;" desc="(Ljava/lang/String;Ljava/lang/String;)V" line="61"><counter type="INSTRUCTION" missed="9" covered="0"/><counter type="LINE" missed="4" covered="0"/><counter type="COMPLEXITY" missed="1" covered="0"/><counter type="METHOD" missed="1" covered="0"/></method><method name="getErrorCode" desc="()Ljava/lang/String;" line="67"><counter type="INSTRUCTION" missed="3" covered="0"/><counter type="LINE" missed="1" covered="0"/><counter type="COMPLEXITY" missed="1" covered="0"/><counter type="METHOD" missed="1" covered="0"/></method><method name="setErrorCode" desc="(Ljava/lang/String;)V" line="71"><counter type="INSTRUCTION" missed="4" covered="0"/><counter type="LINE" missed="2" covered="0"/><counter type="COMPLEXITY" missed="1" covered="0"/><counter type="METHOD" missed="1" covered="0"/></method><method name="getErrorMessage" desc="()Ljava/lang/String;" line="75"><counter type="INSTRUCTION" missed="3" covered="0"/><counter type="LINE" missed="1" covered="0"/><counter type="COMPLEXITY" missed="1" covered="0"/><counter type="METHOD" missed="1" covered="0"/></method><method name="setErrorMessage" desc="(Ljava/lang/String;)V" line="79"><counter type="INSTRUCTION" missed="4" covered="0"/><counter type="LINE" missed="2" covered="0"/><counter type="COMPLEXITY" missed="1" covered="0"/><counter type="METHOD" missed="1" covered="0"/></method><counter type="INSTRUCTION" missed="28" covered="0"/><counter type="LINE" missed="12" covered="0"/><counter type="COMPLEXITY" missed="6" covered="0"/><counter type="METHOD" missed="6" covered="0"/><counter type="CLASS" missed="1" covered="0"/></class><class name="org/egov/eis/contract/DepartmentResponse"><method name="&lt;init&gt;" desc="()V" line="10"><counter type="INSTRUCTION" missed="8" covered="0"/><counter type="LINE" missed="2" covered="0"/><counter type="COMPLEXITY" missed="1" covered="0"/><counter type="METHOD" missed="1" covered="0"/></method><method name="getRespinfo" desc="()Lorg/egov/eis/contract/ResponseInfo;" line="18"><counter type="INSTRUCTION" missed="3" covered="0"/><counter type="LINE" missed="1" covered="0"/><counter type="COMPLEXITY" missed="1" covered="0"/><counter type="METHOD" missed="1" covered="0"/></method><method name="setRespinfo" desc="(Lorg/egov/eis/contract/ResponseInfo;)V" line="21"><counter type="INSTRUCTION" missed="4" covered="0"/><counter type="LINE" missed="2" covered="0"/><counter type="COMPLEXITY" missed="1" covered="0"/><counter type="METHOD" missed="1" covered="0"/></method><method name="getDepartlist" desc="()Ljava/util/List;" line="24"><counter type="INSTRUCTION" missed="3" covered="0"/><counter type="LINE" missed="1" covered="0"/><counter type="COMPLEXITY" missed="1" covered="0"/><counter type="METHOD" missed="1" covered="0"/></method><method name="setDepartlist" desc="(Ljava/util/List;)V" line="27"><counter type="INSTRUCTION" missed="4" covered="0"/><counter type="LINE" missed="2" covered="0"/><counter type="COMPLEXITY" missed="1" covered="0"/><counter type="METHOD" missed="1" covered="0"/></method><counter type="INSTRUCTION" missed="22" covered="0"/><counter type="LINE" missed="8" covered="0"/><counter type="COMPLEXITY" missed="5" covered="0"/><counter type="METHOD" missed="5" covered="0"/><counter type="CLASS" missed="1" covered="0"/></class><sourcefile name="ResponseInfo.java"><line nr="50" mi="3" ci="0" mb="0" cb="0"/><line nr="65" mi="3" ci="0" mb="0" cb="0"/><line nr="69" mi="3" ci="0" mb="0" cb="0"/><line nr="70" mi="1" ci="0" mb="0" cb="0"/><line nr="73" mi="3" ci="0" mb="0" cb="0"/><line nr="77" mi="3" ci="0" mb="0" cb="0"/><line nr="78" mi="1" ci="0" mb="0" cb="0"/><line nr="81" mi="3" ci="0" mb="0" cb="0"/><line nr="85" mi="3" ci="0" mb="0" cb="0"/><line nr="86" mi="1" ci="0" mb="0" cb="0"/><line nr="89" mi="3" ci="0" mb="0" cb="0"/><line nr="93" mi="3" ci="0" mb="0" cb="0"/><line nr="94" mi="1" ci="0" mb="0" cb="0"/><line nr="97" mi="3" ci="0" mb="0" cb="0"/><line nr="101" mi="3" ci="0" mb="0" cb="0"/><line nr="102" mi="1" ci="0" mb="0" cb="0"/><line nr="105" mi="3" ci="0" mb="0" cb="0"/><line nr="109" mi="3" ci="0" mb="0" cb="0"/><line nr="110" mi="1" ci="0" mb="0" cb="0"/><counter type="INSTRUCTION" missed="45" covered="0"/><counter type="LINE" missed="19" covered="0"/><counter type="COMPLEXITY" missed="13" covered="0"/><counter type="METHOD" missed="13" covered="0"/><counter type="CLASS" missed="1" covered="0"/></sourcefile><sourcefile name="EmployeeRequest.java"><line nr="57" mi="3" ci="0" mb="0" cb="0"/><line nr="77" mi="3" ci="0" mb="0" cb="0"/><line nr="81" mi="3" ci="0" mb="0" cb="0"/><line nr="82" mi="1" ci="0" mb="0" cb="0"/><line nr="85" mi="3" ci="0" mb="0" cb="0"/><line nr="89" mi="3" ci="0" mb="0" cb="0"/><line nr="90" mi="1" ci="0" mb="0" cb="0"/><line nr="93" mi="3" ci="0" mb="0" cb="0"/><line nr="97" mi="3" ci="0" mb="0" cb="0"/><line nr="98" mi="1" ci="0" mb="0" cb="0"/><line nr="101" mi="3" ci="0" mb="0" cb="0"/><line nr="105" mi="3" ci="0" mb="0" cb="0"/><line nr="106" mi="1" ci="0" mb="0" cb="0"/><line nr="109" mi="3" ci="0" mb="0" cb="0"/><line nr="113" mi="3" ci="0" mb="0" cb="0"/><line nr="114" mi="1" ci="0" mb="0" cb="0"/><counter type="INSTRUCTION" missed="38" covered="0"/><counter type="LINE" missed="16" covered="0"/><counter type="COMPLEXITY" missed="11" covered="0"/><counter type="METHOD" missed="11" covered="0"/><counter type="CLASS" missed="1" covered="0"/></sourcefile><sourcefile name="ErrorDetail.java"><line nr="58" mi="4" ci="0" mb="0" cb="0"/><line nr="59" mi="1" ci="0" mb="0" cb="0"/><line nr="61" mi="2" ci="0" mb="0" cb="0"/><line nr="62" mi="3" ci="0" mb="0" cb="0"/><line nr="63" mi="3" ci="0" mb="0" cb="0"/><line nr="64" mi="1" ci="0" mb="0" cb="0"/><line nr="67" mi="3" ci="0" mb="0" cb="0"/><line nr="71" mi="3" ci="0" mb="0" cb="0"/><line nr="72" mi="1" ci="0" mb="0" cb="0"/><line nr="75" mi="3" ci="0" mb="0" cb="0"/><line nr="79" mi="3" ci="0" mb="0" cb="0"/><line nr="80" mi="1" ci="0" mb="0" cb="0"/><counter type="INSTRUCTION" missed="28" covered="0"/><counter type="LINE" missed="12" covered="0"/><counter type="COMPLEXITY" missed="6" covered="0"/><counter type="METHOD" missed="6" covered="0"/><counter type="CLASS" missed="1" covered="0"/></sourcefile><sourcefile name="EmployeeResponse.java"><line nr="53" mi="3" ci="0" mb="0" cb="0"/><line nr="65" mi="3" ci="0" mb="0" cb="0"/><line nr="69" mi="3" ci="0" mb="0" cb="0"/><line nr="70" mi="1" ci="0" mb="0" cb="0"/><line nr="73" mi="3" ci="0" mb="0" cb="0"/><line nr="77" mi="3" ci="0" mb="0" cb="0"/><line nr="78" mi="1" ci="0" mb="0" cb="0"/><line nr="81" mi="3" ci="0" mb="0" cb="0"/><line nr="85" mi="3" ci="0" mb="0" cb="0"/><line nr="86" mi="1" ci="0" mb="0" cb="0"/><line nr="89" mi="3" ci="0" mb="0" cb="0"/><line nr="93" mi="3" ci="0" mb="0" cb="0"/><line nr="94" mi="1" ci="0" mb="0" cb="0"/><counter type="INSTRUCTION" missed="31" covered="0"/><counter type="LINE" missed="13" covered="0"/><counter type="COMPLEXITY" missed="9" covered="0"/><counter type="METHOD" missed="9" covered="0"/><counter type="CLASS" missed="1" covered="0"/></sourcefile><sourcefile name="RequestInfo.java"><line nr="54" mi="3" ci="0" mb="0" cb="0"/><line nr="77" mi="3" ci="0" mb="0" cb="0"/><line nr="81" mi="3" ci="0" mb="0" cb="0"/><line nr="82" mi="1" ci="0" mb="0" cb="0"/><line nr="85" mi="3" ci="0" mb="0" cb="0"/><line nr="89" mi="3" ci="0" mb="0" cb="0"/><line nr="90" mi="1" ci="0" mb="0" cb="0"/><line nr="93" mi="3" ci="0" mb="0" cb="0"/><line nr="97" mi="3" ci="0" mb="0" cb="0"/><line nr="98" mi="1" ci="0" mb="0" cb="0"/><line nr="101" mi="3" ci="0" mb="0" cb="0"/><line nr="105" mi="3" ci="0" mb="0" cb="0"/><line nr="106" mi="1" ci="0" mb="0" cb="0"/><line nr="109" mi="3" ci="0" mb="0" cb="0"/><line nr="113" mi="3" ci="0" mb="0" cb="0"/><line nr="114" mi="1" ci="0" mb="0" cb="0"/><line nr="117" mi="3" ci="0" mb="0" cb="0"/><line nr="121" mi="3" ci="0" mb="0" cb="0"/><line nr="122" mi="1" ci="0" mb="0" cb="0"/><line nr="125" mi="3" ci="0" mb="0" cb="0"/><line nr="129" mi="3" ci="0" mb="0" cb="0"/><line nr="130" mi="1" ci="0" mb="0" cb="0"/><line nr="133" mi="3" ci="0" mb="0" cb="0"/><line nr="137" mi="3" ci="0" mb="0" cb="0"/><line nr="138" mi="1" ci="0" mb="0" cb="0"/><line nr="141" mi="3" ci="0" mb="0" cb="0"/><line nr="145" mi="3" ci="0" mb="0" cb="0"/><line nr="146" mi="1" ci="0" mb="0" cb="0"/><line nr="149" mi="3" ci="0" mb="0" cb="0"/><line nr="153" mi="3" ci="0" mb="0" cb="0"/><line nr="154" mi="1" ci="0" mb="0" cb="0"/><counter type="INSTRUCTION" missed="73" covered="0"/><counter type="LINE" missed="31" covered="0"/><counter type="COMPLEXITY" missed="21" covered="0"/><counter type="METHOD" missed="21" covered="0"/><counter type="CLASS" missed="1" covered="0"/></sourcefile><sourcefile name="DepartmentResponse.java"><line nr="10" mi="2" ci="0" mb="0" cb="0"/><line nr="15" mi="6" ci="0" mb="0" cb="0"/><line nr="18" mi="3" ci="0" mb="0" cb="0"/><line nr="21" mi="3" ci="0" mb="0" cb="0"/><line nr="22" mi="1" ci="0" mb="0" cb="0"/><line nr="24" mi="3" ci="0" mb="0" cb="0"/><line nr="27" mi="3" ci="0" mb="0" cb="0"/><line nr="28" mi="1" ci="0" mb="0" cb="0"/><counter type="INSTRUCTION" missed="22" covered="0"/><counter type="LINE" missed="8" covered="0"/><counter type="COMPLEXITY" missed="5" covered="0"/><counter type="METHOD" missed="5" covered="0"/><counter type="CLASS" missed="1" covered="0"/></sourcefile><sourcefile name="EmployeeDetailsResponse.java"><line nr="53" mi="3" ci="0" mb="0" cb="0"/><line nr="62" mi="3" ci="0" mb="0" cb="0"/><line nr="66" mi="3" ci="0" mb="0" cb="0"/><line nr="67" mi="1" ci="0" mb="0" cb="0"/><line nr="70" mi="3" ci="0" mb="0" cb="0"/><line nr="74" mi="3" ci="0" mb="0" cb="0"/><line nr="75" mi="1" ci="0" mb="0" cb="0"/><counter type="INSTRUCTION" missed="17" covered="0"/><counter type="LINE" missed="7" covered="0"/><counter type="COMPLEXITY" missed="5" covered="0"/><counter type="METHOD" missed="5" covered="0"/><counter type="CLASS" missed="1" covered="0"/></sourcefile><counter type="INSTRUCTION" missed="254" covered="0"/><counter type="LINE" missed="106" covered="0"/><counter type="COMPLEXITY" missed="70" covered="0"/><counter type="METHOD" missed="70" covered="0"/><counter type="CLASS" missed="7" covered="0"/></package><package name="org/egov/pims/model"><class name="org/egov/pims/model/EmpPosition"><method name="&lt;init&gt;" desc="()V" line="74"><counter type="INSTRUCTION" missed="3" covered="0"/><counter type="LINE" missed="1" covered="0"/><counter type="COMPLEXITY" missed="1" covered="0"/><counter type="METHOD" missed="1" covered="0"/></method><method name="getPostName" desc="()Ljava/lang/String;" line="110"><counter type="INSTRUCTION" missed="3" covered="0"/><counter type="LINE" missed="1" covered="0"/><counter type="COMPLEXITY" missed="1" covered="0"/><counter type="METHOD" missed="1" covered="0"/></method><method name="setPostName" desc="(Ljava/lang/String;)V" line="114"><counter type="INSTRUCTION" missed="4" covered="0"/><counter type="LINE" missed="2" covered="0"/><counter type="COMPLEXITY" missed="1" covered="0"/><counter type="METHOD" missed="1" covered="0"/></method><method name="getDesigId" desc="()Lorg/egov/pims/commons/Designation;" line="118"><counter type="INSTRUCTION" missed="3" covered="0"/><counter type="LINE" missed="1" covered="0"/><counter type="COMPLEXITY" missed="1" covered="0"/><counter type="METHOD" missed="1" covered="0"/></method><method name="setDesigId" desc="(Lorg/egov/pims/commons/Designation;)V" line="122"><counter type="INSTRUCTION" missed="4" covered="0"/><counter type="LINE" missed="2" covered="0"/><counter type="COMPLEXITY" missed="1" covered="0"/><counter type="METHOD" missed="1" covered="0"/></method><method name="getDeptId" desc="()Lorg/egov/infra/admin/master/entity/Department;" line="126"><counter type="INSTRUCTION" missed="3" covered="0"/><counter type="LINE" missed="1" covered="0"/><counter type="COMPLEXITY" missed="1" covered="0"/><counter type="METHOD" missed="1" covered="0"/></method><method name="setDeptId" desc="(Lorg/egov/infra/admin/master/entity/Department;)V" line="130"><counter type="INSTRUCTION" missed="4" covered="0"/><counter type="LINE" missed="2" covered="0"/><counter type="COMPLEXITY" missed="1" covered="0"/><counter type="METHOD" missed="1" covered="0"/></method><method name="getStatus" desc="()Lorg/egov/commons/EgwStatus;" line="134"><counter type="INSTRUCTION" missed="3" covered="0"/><counter type="LINE" missed="1" covered="0"/><counter type="COMPLEXITY" missed="1" covered="0"/><counter type="METHOD" missed="1" covered="0"/></method><method name="setStatus" desc="(Lorg/egov/commons/EgwStatus;)V" line="138"><counter type="INSTRUCTION" missed="4" covered="0"/><counter type="LINE" missed="2" covered="0"/><counter type="COMPLEXITY" missed="1" covered="0"/><counter type="METHOD" missed="1" covered="0"/></method><method name="getQualificationDetails" desc="()Ljava/lang/String;" line="142"><counter type="INSTRUCTION" missed="3" covered="0"/><counter type="LINE" missed="1" covered="0"/><counter type="COMPLEXITY" missed="1" covered="0"/><counter type="METHOD" missed="1" covered="0"/></method><method name="setQualificationDetails" desc="(Ljava/lang/String;)V" line="146"><counter type="INSTRUCTION" missed="4" covered="0"/><counter type="LINE" missed="2" covered="0"/><counter type="COMPLEXITY" missed="1" covered="0"/><counter type="METHOD" missed="1" covered="0"/></method><method name="getRemarks" desc="()Ljava/lang/String;" line="150"><counter type="INSTRUCTION" missed="3" covered="0"/><counter type="LINE" missed="1" covered="0"/><counter type="COMPLEXITY" missed="1" covered="0"/><counter type="METHOD" missed="1" covered="0"/></method><method name="setRemarks" desc="(Ljava/lang/String;)V" line="154"><counter type="INSTRUCTION" missed="4" covered="0"/><counter type="LINE" missed="2" covered="0"/><counter type="COMPLEXITY" missed="1" covered="0"/><counter type="METHOD" missed="1" covered="0"/></method><method name="getPosition" desc="()Lorg/egov/pims/commons/Position;" line="158"><counter type="INSTRUCTION" missed="3" covered="0"/><counter type="LINE" missed="1" covered="0"/><counter type="COMPLEXITY" missed="1" covered="0"/><counter type="METHOD" missed="1" covered="0"/></method><method name="setPosition" desc="(Lorg/egov/pims/commons/Position;)V" line="162"><counter type="INSTRUCTION" missed="4" covered="0"/><counter type="LINE" missed="2" covered="0"/><counter type="COMPLEXITY" missed="1" covered="0"/><counter type="METHOD" missed="1" covered="0"/></method><method name="getStateDetails" desc="()Ljava/lang/String;" line="168"><counter type="INSTRUCTION" missed="22" covered="0"/><counter type="LINE" missed="1" covered="0"/><counter type="COMPLEXITY" missed="1" covered="0"/><counter type="METHOD" missed="1" covered="0"/></method><method name="getId" desc="()Ljava/lang/Long;" line="173"><counter type="INSTRUCTION" missed="3" covered="0"/><counter type="LINE" missed="1" covered="0"/><counter type="COMPLEXITY" missed="1" covered="0"/><counter type="METHOD" missed="1" covered="0"/></method><method name="setId" desc="(Ljava/lang/Long;)V" line="178"><counter type="INSTRUCTION" missed="4" covered="0"/><counter type="LINE" missed="2" covered="0"/><counter type="COMPLEXITY" missed="1" covered="0"/><counter type="METHOD" missed="1" covered="0"/></method><counter type="INSTRUCTION" missed="81" covered="0"/><counter type="LINE" missed="26" covered="0"/><counter type="COMPLEXITY" missed="18" covered="0"/><counter type="METHOD" missed="18" covered="0"/><counter type="CLASS" missed="1" covered="0"/></class><class name="org/egov/pims/model/ReligionMaster"><method name="&lt;init&gt;" desc="()V" line="56"><counter type="INSTRUCTION" missed="3" covered="0"/><counter type="LINE" missed="1" covered="0"/><counter type="COMPLEXITY" missed="1" covered="0"/><counter type="METHOD" missed="1" covered="0"/></method><method name="getId" desc="()Ljava/lang/Integer;" line="66"><counter type="INSTRUCTION" missed="3" covered="0"/><counter type="LINE" missed="1" covered="0"/><counter type="COMPLEXITY" missed="1" covered="0"/><counter type="METHOD" missed="1" covered="0"/></method><method name="setId" desc="(Ljava/lang/Integer;)V" line="72"><counter type="INSTRUCTION" missed="4" covered="0"/><counter type="LINE" missed="2" covered="0"/><counter type="COMPLEXITY" missed="1" covered="0"/><counter type="METHOD" missed="1" covered="0"/></method><method name="getName" desc="()Ljava/lang/String;" line="78"><counter type="INSTRUCTION" missed="3" covered="0"/><counter type="LINE" missed="1" covered="0"/><counter type="COMPLEXITY" missed="1" covered="0"/><counter type="METHOD" missed="1" covered="0"/></method><method name="setName" desc="(Ljava/lang/String;)V" line="84"><counter type="INSTRUCTION" missed="4" covered="0"/><counter type="LINE" missed="2" covered="0"/><counter type="COMPLEXITY" missed="1" covered="0"/><counter type="METHOD" missed="1" covered="0"/></method><method name="getFromDate" desc="()Ljava/util/Date;" line="87"><counter type="INSTRUCTION" missed="3" covered="0"/><counter type="LINE" missed="1" covered="0"/><counter type="COMPLEXITY" missed="1" covered="0"/><counter type="METHOD" missed="1" covered="0"/></method><method name="setFromDate" desc="(Ljava/util/Date;)V" line="90"><counter type="INSTRUCTION" missed="4" covered="0"/><counter type="LINE" missed="2" covered="0"/><counter type="COMPLEXITY" missed="1" covered="0"/><counter type="METHOD" missed="1" covered="0"/></method><method name="getToDate" desc="()Ljava/util/Date;" line="94"><counter type="INSTRUCTION" missed="3" covered="0"/><counter type="LINE" missed="1" covered="0"/><counter type="COMPLEXITY" missed="1" covered="0"/><counter type="METHOD" missed="1" covered="0"/></method><method name="setToDate" desc="(Ljava/util/Date;)V" line="97"><counter type="INSTRUCTION" missed="4" covered="0"/><counter type="LINE" missed="2" covered="0"/><counter type="COMPLEXITY" missed="1" covered="0"/><counter type="METHOD" missed="1" covered="0"/></method><counter type="INSTRUCTION" missed="31" covered="0"/><counter type="LINE" missed="13" covered="0"/><counter type="COMPLEXITY" missed="9" covered="0"/><counter type="METHOD" missed="9" covered="0"/><counter type="CLASS" missed="1" covered="0"/></class><class name="org/egov/pims/model/CategoryMaster"><method name="&lt;init&gt;" desc="()V" line="56"><counter type="INSTRUCTION" missed="3" covered="0"/><counter type="LINE" missed="1" covered="0"/><counter type="COMPLEXITY" missed="1" covered="0"/><counter type="METHOD" missed="1" covered="0"/></method><method name="getId" desc="()Ljava/lang/Integer;" line="68"><counter type="INSTRUCTION" missed="3" covered="0"/><counter type="LINE" missed="1" covered="0"/><counter type="COMPLEXITY" missed="1" covered="0"/><counter type="METHOD" missed="1" covered="0"/></method><method name="setId" desc="(Ljava/lang/Integer;)V" line="74"><counter type="INSTRUCTION" missed="4" covered="0"/><counter type="LINE" missed="2" covered="0"/><counter type="COMPLEXITY" missed="1" covered="0"/><counter type="METHOD" missed="1" covered="0"/></method><method name="getName" desc="()Ljava/lang/String;" line="80"><counter type="INSTRUCTION" missed="3" covered="0"/><counter type="LINE" missed="1" covered="0"/><counter type="COMPLEXITY" missed="1" covered="0"/><counter type="METHOD" missed="1" covered="0"/></method><method name="setName" desc="(Ljava/lang/String;)V" line="86"><counter type="INSTRUCTION" missed="4" covered="0"/><counter type="LINE" missed="2" covered="0"/><counter type="COMPLEXITY" missed="1" covered="0"/><counter type="METHOD" missed="1" covered="0"/></method><method name="getFromDate" desc="()Ljava/util/Date;" line="89"><counter type="INSTRUCTION" missed="3" covered="0"/><counter type="LINE" missed="1" covered="0"/><counter type="COMPLEXITY" missed="1" covered="0"/><counter type="METHOD" missed="1" covered="0"/></method><method name="setFromDate" desc="(Ljava/util/Date;)V" line="92"><counter type="INSTRUCTION" missed="4" covered="0"/><counter type="LINE" missed="2" covered="0"/><counter type="COMPLEXITY" missed="1" covered="0"/><counter type="METHOD" missed="1" covered="0"/></method><method name="getToDate" desc="()Ljava/util/Date;" line="96"><counter type="INSTRUCTION" missed="3" covered="0"/><counter type="LINE" missed="1" covered="0"/><counter type="COMPLEXITY" missed="1" covered="0"/><counter type="METHOD" missed="1" covered="0"/></method><method name="setToDate" desc="(Ljava/util/Date;)V" line="99"><counter type="INSTRUCTION" missed="4" covered="0"/><counter type="LINE" missed="2" covered="0"/><counter type="COMPLEXITY" missed="1" covered="0"/><counter type="METHOD" missed="1" covered="0"/></method><method name="getFileId" desc="()Ljava/lang/Long;" line="102"><counter type="INSTRUCTION" missed="3" covered="0"/><counter type="LINE" missed="1" covered="0"/><counter type="COMPLEXITY" missed="1" covered="0"/><counter type="METHOD" missed="1" covered="0"/></method><method name="setFileId" desc="(Ljava/lang/Long;)V" line="105"><counter type="INSTRUCTION" missed="4" covered="0"/><counter type="LINE" missed="2" covered="0"/><counter type="COMPLEXITY" missed="1" covered="0"/><counter type="METHOD" missed="1" covered="0"/></method><counter type="INSTRUCTION" missed="38" covered="0"/><counter type="LINE" missed="16" covered="0"/><counter type="COMPLEXITY" missed="11" covered="0"/><counter type="METHOD" missed="11" covered="0"/><counter type="CLASS" missed="1" covered="0"/></class><class name="org/egov/pims/model/TypeOfRecruimentMaster"><method name="&lt;init&gt;" desc="()V" line="56"><counter type="INSTRUCTION" missed="3" covered="0"/><counter type="LINE" missed="1" covered="0"/><counter type="COMPLEXITY" missed="1" covered="0"/><counter type="METHOD" missed="1" covered="0"/></method><method name="getId" desc="()Ljava/lang/Integer;" line="66"><counter type="INSTRUCTION" missed="3" covered="0"/><counter type="LINE" missed="1" covered="0"/><counter type="COMPLEXITY" missed="1" covered="0"/><counter type="METHOD" missed="1" covered="0"/></method><method name="setId" desc="(Ljava/lang/Integer;)V" line="72"><counter type="INSTRUCTION" missed="4" covered="0"/><counter type="LINE" missed="2" covered="0"/><counter type="COMPLEXITY" missed="1" covered="0"/><counter type="METHOD" missed="1" covered="0"/>
[...]
"1" ci="0" mb="0" cb="0"/><line nr="1254" mi="2" ci="0" mb="0" cb="0"/><line nr="1260" mi="4" ci="0" mb="0" cb="0"/><line nr="1261" mi="1" ci="0" mb="0" cb="0"/><line nr="1263" mi="3" ci="0" mb="0" cb="0"/><line nr="1264" mi="14" ci="0" mb="0" cb="0"/><line nr="1265" mi="1" ci="0" mb="0" cb="0"/><line nr="1266" mi="1" ci="0" mb="0" cb="0"/><line nr="1270" mi="3" ci="0" mb="0" cb="0"/><line nr="1272" mi="8" ci="0" mb="0" cb="0"/><line nr="1275" mi="7" ci="0" mb="4" cb="0"/><line nr="1276" mi="2" ci="0" mb="0" cb="0"/><line nr="1277" mi="7" ci="0" mb="2" cb="0"/><line nr="1278" mi="4" ci="0" mb="0" cb="0"/><line nr="1279" mi="3" ci="0" mb="0" cb="0"/><line nr="1284" mi="1" ci="0" mb="0" cb="0"/><line nr="1285" mi="3" ci="0" mb="0" cb="0"/><line nr="1286" mi="14" ci="0" mb="0" cb="0"/><line nr="1287" mi="1" ci="0" mb="0" cb="0"/><line nr="1288" mi="3" ci="0" mb="0" cb="0"/><line nr="1290" mi="14" ci="0" mb="0" cb="0"/><line nr="1292" mi="1" ci="0" mb="0" cb="0"/><line nr="1293" mi="2" ci="0" mb="0" cb="0"/><line nr="1298" mi="3" ci="0" mb="0" cb="0"/><line nr="1300" mi="3" ci="0" mb="0" cb="0"/><line nr="1301" mi="3" ci="0" mb="0" cb="0"/><line nr="1303" mi="2" ci="0" mb="0" cb="0"/><line nr="1304" mi="7" ci="0" mb="4" cb="0"/><line nr="1305" mi="2" ci="0" mb="0" cb="0"/><line nr="1306" mi="7" ci="0" mb="2" cb="0"/><line nr="1307" mi="4" ci="0" mb="0" cb="0"/><line nr="1308" mi="2" ci="0" mb="2" cb="0"/><line nr="1309" mi="4" ci="0" mb="0" cb="0"/><line nr="1311" mi="7" ci="0" mb="0" cb="0"/><line nr="1315" mi="1" ci="0" mb="0" cb="0"/><line nr="1316" mi="3" ci="0" mb="0" cb="0"/><line nr="1317" mi="14" ci="0" mb="0" cb="0"/><line nr="1318" mi="1" ci="0" mb="0" cb="0"/><line nr="1319" mi="3" ci="0" mb="0" cb="0"/><line nr="1321" mi="14" ci="0" mb="0" cb="0"/><line nr="1323" mi="1" ci="0" mb="0" cb="0"/><line nr="1324" mi="3" ci="0" mb="0" cb="0"/><line nr="1328" mi="11" ci="0" mb="0" cb="0"/><line nr="1329" mi="3" ci="0" mb="0" cb="0"/><line nr="1334" mi="2" ci="0" mb="0" cb="0"/><line nr="1337" mi="2" ci="0" mb="0" cb="0"/><line nr="1339" mi="4" ci="0" mb="4" cb="0"/><line nr="1340" mi="2" ci="0" mb="0" cb="0"/><line nr="1341" mi="2" ci="0" mb="2" cb="0"/><line nr="1342" mi="9" ci="0" mb="0" cb="0"/><line nr="1344" mi="9" ci="0" mb="0" cb="0"/><line nr="1348" mi="5" ci="0" mb="0" cb="0"/><line nr="1350" mi="5" ci="0" mb="4" cb="0"/><line nr="1351" mi="3" ci="0" mb="0" cb="0"/><line nr="1352" mi="2" ci="0" mb="0" cb="0"/><line nr="1356" mi="2" ci="0" mb="2" cb="0"/><line nr="1357" mi="6" ci="0" mb="0" cb="0"/><line nr="1360" mi="2" ci="0" mb="2" cb="0"/><line nr="1361" mi="6" ci="0" mb="0" cb="0"/><line nr="1364" mi="2" ci="0" mb="2" cb="0"/><line nr="1365" mi="9" ci="0" mb="0" cb="0"/><line nr="1367" mi="4" ci="0" mb="4" cb="0"/><line nr="1368" mi="9" ci="0" mb="0" cb="0"/><line nr="1369" mi="10" ci="0" mb="0" cb="0"/><line nr="1371" mi="4" ci="0" mb="4" cb="0"/><line nr="1372" mi="9" ci="0" mb="0" cb="0"/><line nr="1375" mi="7" ci="0" mb="4" cb="0"/><line nr="1376" mi="2" ci="0" mb="0" cb="0"/><line nr="1379" mi="1" ci="0" mb="0" cb="0"/><line nr="1380" mi="3" ci="0" mb="0" cb="0"/><line nr="1381" mi="14" ci="0" mb="0" cb="0"/><line nr="1382" mi="1" ci="0" mb="0" cb="0"/><line nr="1383" mi="3" ci="0" mb="0" cb="0"/><line nr="1384" mi="14" ci="0" mb="0" cb="0"/><line nr="1386" mi="1" ci="0" mb="0" cb="0"/><line nr="1387" mi="2" ci="0" mb="0" cb="0"/><line nr="1392" mi="2" ci="0" mb="0" cb="0"/><line nr="1394" mi="5" ci="0" mb="4" cb="0"/><line nr="1395" mi="5" ci="0" mb="0" cb="0"/><line nr="1397" mi="1" ci="0" mb="0" cb="0"/><line nr="1398" mi="3" ci="0" mb="0" cb="0"/><line nr="1399" mi="14" ci="0" mb="0" cb="0"/><line nr="1400" mi="1" ci="0" mb="0" cb="0"/><line nr="1401" mi="3" ci="0" mb="0" cb="0"/><line nr="1402" mi="14" ci="0" mb="0" cb="0"/><line nr="1403" mi="1" ci="0" mb="0" cb="0"/><line nr="1404" mi="2" ci="0" mb="0" cb="0"/><line nr="1408" mi="2" ci="0" mb="0" cb="0"/><line nr="1411" mi="5" ci="0" mb="0" cb="0"/><line nr="1413" mi="1" ci="0" mb="0" cb="0"/><line nr="1414" mi="3" ci="0" mb="0" cb="0"/><line nr="1415" mi="14" ci="0" mb="0" cb="0"/><line nr="1416" mi="1" ci="0" mb="0" cb="0"/><line nr="1417" mi="3" ci="0" mb="0" cb="0"/><line nr="1418" mi="14" ci="0" mb="0" cb="0"/><line nr="1419" mi="1" ci="0" mb="0" cb="0"/><line nr="1420" mi="2" ci="0" mb="0" cb="0"/><line nr="1424" mi="2" ci="0" mb="0" cb="0"/><line nr="1427" mi="6" ci="0" mb="0" cb="0"/><line nr="1429" mi="1" ci="0" mb="0" cb="0"/><line nr="1430" mi="3" ci="0" mb="0" cb="0"/><line nr="1431" mi="14" ci="0" mb="0" cb="0"/><line nr="1432" mi="1" ci="0" mb="0" cb="0"/><line nr="1433" mi="3" ci="0" mb="0" cb="0"/><line nr="1434" mi="14" ci="0" mb="0" cb="0"/><line nr="1435" mi="1" ci="0" mb="0" cb="0"/><line nr="1436" mi="2" ci="0" mb="0" cb="0"/><line nr="1451" mi="2" ci="0" mb="0" cb="0"/><line nr="1454" mi="17" ci="0" mb="12" cb="0"/><line nr="1456" mi="7" ci="0" mb="0" cb="0"/><line nr="1459" mi="1" ci="0" mb="0" cb="0"/><line nr="1460" mi="6" ci="0" mb="0" cb="0"/><line nr="1461" mi="1" ci="0" mb="0" cb="0"/><line nr="1462" mi="2" ci="0" mb="0" cb="0"/><line nr="1478" mi="2" ci="0" mb="0" cb="0"/><line nr="1481" mi="22" ci="0" mb="12" cb="0"/><line nr="1482" mi="4" ci="0" mb="4" cb="0"/><line nr="1483" mi="8" ci="0" mb="0" cb="0"/><line nr="1487" mi="1" ci="0" mb="0" cb="0"/><line nr="1488" mi="6" ci="0" mb="0" cb="0"/><line nr="1489" mi="1" ci="0" mb="0" cb="0"/><line nr="1490" mi="2" ci="0" mb="0" cb="0"/><line nr="1494" mi="2" ci="0" mb="0" cb="0"/><line nr="1496" mi="2" ci="0" mb="0" cb="0"/><line nr="1497" mi="2" ci="0" mb="0" cb="0"/><line nr="1498" mi="5" ci="0" mb="0" cb="0"/><line nr="1499" mi="2" ci="0" mb="2" cb="0"/><line nr="1500" mi="6" ci="0" mb="0" cb="0"/><line nr="1502" mi="7" ci="0" mb="4" cb="0"/><line nr="1503" mi="7" ci="0" mb="2" cb="0"/><line nr="1504" mi="4" ci="0" mb="0" cb="0"/><line nr="1508" mi="1" ci="0" mb="0" cb="0"/><line nr="1509" mi="3" ci="0" mb="0" cb="0"/><line nr="1510" mi="14" ci="0" mb="0" cb="0"/><line nr="1511" mi="1" ci="0" mb="0" cb="0"/><line nr="1512" mi="3" ci="0" mb="0" cb="0"/><line nr="1513" mi="14" ci="0" mb="0" cb="0"/><line nr="1514" mi="1" ci="0" mb="0" cb="0"/><line nr="1515" mi="2" ci="0" mb="0" cb="0"/><line nr="1519" mi="5" ci="0" mb="0" cb="0"/><line nr="1520" mi="6" ci="0" mb="0" cb="0"/><line nr="1521" mi="4" ci="0" mb="0" cb="0"/><line nr="1526" mi="2" ci="0" mb="0" cb="0"/><line nr="1529" mi="5" ci="0" mb="0" cb="0"/><line nr="1531" mi="1" ci="0" mb="0" cb="0"/><line nr="1533" mi="3" ci="0" mb="0" cb="0"/><line nr="1534" mi="14" ci="0" mb="0" cb="0"/><line nr="1535" mi="1" ci="0" mb="0" cb="0"/><line nr="1536" mi="2" ci="0" mb="0" cb="0"/><line nr="1541" mi="2" ci="0" mb="0" cb="0"/><line nr="1543" mi="2" ci="0" mb="0" cb="0"/><line nr="1544" mi="2" ci="0" mb="2" cb="0"/><line nr="1545" mi="3" ci="0" mb="0" cb="0"/><line nr="1546" mi="3" ci="0" mb="0" cb="0"/><line nr="1549" mi="2" ci="0" mb="2" cb="0"/><line nr="1550" mi="3" ci="0" mb="0" cb="0"/><line nr="1551" mi="2" ci="0" mb="0" cb="0"/><line nr="1554" mi="2" ci="0" mb="2" cb="0"/><line nr="1555" mi="6" ci="0" mb="0" cb="0"/><line nr="1558" mi="2" ci="0" mb="2" cb="0"/><line nr="1559" mi="9" ci="0" mb="0" cb="0"/><line nr="1562" mi="7" ci="0" mb="4" cb="0"/><line nr="1563" mi="7" ci="0" mb="2" cb="0"/><line nr="1564" mi="4" ci="0" mb="0" cb="0"/><line nr="1565" mi="4" ci="0" mb="0" cb="0"/><line nr="1566" mi="1" ci="0" mb="0" cb="0"/><line nr="1569" mi="1" ci="0" mb="0" cb="0"/><line nr="1570" mi="3" ci="0" mb="0" cb="0"/><line nr="1571" mi="14" ci="0" mb="0" cb="0"/><line nr="1572" mi="1" ci="0" mb="0" cb="0"/><line nr="1573" mi="3" ci="0" mb="0" cb="0"/><line nr="1574" mi="14" ci="0" mb="0" cb="0"/><line nr="1575" mi="1" ci="0" mb="0" cb="0"/><line nr="1577" mi="2" ci="0" mb="0" cb="0"/><line nr="1590" mi="2" ci="0" mb="0" cb="0"/><line nr="1591" mi="2" ci="0" mb="0" cb="0"/><line nr="1593" mi="2" ci="0" mb="0" cb="0"/><line nr="1594" mi="2" ci="0" mb="2" cb="0"/><line nr="1595" mi="3" ci="0" mb="0" cb="0"/><line nr="1596" mi="3" ci="0" mb="0" cb="0"/><line nr="1599" mi="2" ci="0" mb="2" cb="0"/><line nr="1600" mi="3" ci="0" mb="0" cb="0"/><line nr="1601" mi="2" ci="0" mb="0" cb="0"/><line nr="1604" mi="2" ci="0" mb="2" cb="0"/><line nr="1605" mi="6" ci="0" mb="0" cb="0"/><line nr="1608" mi="2" ci="0" mb="2" cb="0"/><line nr="1609" mi="9" ci="0" mb="0" cb="0"/><line nr="1612" mi="7" ci="0" mb="4" cb="0"/><line nr="1613" mi="4" ci="0" mb="0" cb="0"/><line nr="1614" mi="7" ci="0" mb="2" cb="0"/><line nr="1615" mi="4" ci="0" mb="0" cb="0"/><line nr="1616" mi="4" ci="0" mb="0" cb="0"/><line nr="1617" mi="4" ci="0" mb="0" cb="0"/><line nr="1618" mi="1" ci="0" mb="0" cb="0"/><line nr="1621" mi="1" ci="0" mb="0" cb="0"/><line nr="1622" mi="3" ci="0" mb="0" cb="0"/><line nr="1623" mi="14" ci="0" mb="0" cb="0"/><line nr="1624" mi="1" ci="0" mb="0" cb="0"/><line nr="1625" mi="3" ci="0" mb="0" cb="0"/><line nr="1626" mi="14" ci="0" mb="0" cb="0"/><line nr="1627" mi="1" ci="0" mb="0" cb="0"/><line nr="1629" mi="2" ci="0" mb="0" cb="0"/><line nr="1644" mi="2" ci="0" mb="0" cb="0"/><line nr="1645" mi="4" ci="0" mb="0" cb="0"/><line nr="1647" mi="8" ci="0" mb="0" cb="0"/><line nr="1648" mi="2" ci="0" mb="0" cb="0"/><line nr="1663" mi="2" ci="0" mb="0" cb="0"/><line nr="1665" mi="5" ci="0" mb="4" cb="0"/><line nr="1666" mi="5" ci="0" mb="0" cb="0"/><line nr="1670" mi="1" ci="0" mb="0" cb="0"/><line nr="1671" mi="6" ci="0" mb="0" cb="0"/><line nr="1672" mi="1" ci="0" mb="0" cb="0"/><line nr="1673" mi="2" ci="0" mb="0" cb="0"/><line nr="1686" mi="2" ci="0" mb="0" cb="0"/><line nr="1689" mi="6" ci="0" mb="0" cb="0"/><line nr="1691" mi="1" ci="0" mb="0" cb="0"/><line nr="1693" mi="14" ci="0" mb="0" cb="0"/><line nr="1694" mi="1" ci="0" mb="0" cb="0"/><line nr="1695" mi="14" ci="0" mb="0" cb="0"/><line nr="1696" mi="1" ci="0" mb="0" cb="0"/><line nr="1698" mi="2" ci="0" mb="0" cb="0"/><line nr="1713" mi="2" ci="0" mb="0" cb="0"/><line nr="1716" mi="7" ci="0" mb="0" cb="0"/><line nr="1718" mi="1" ci="0" mb="0" cb="0"/><line nr="1720" mi="14" ci="0" mb="0" cb="0"/><line nr="1721" mi="1" ci="0" mb="0" cb="0"/><line nr="1722" mi="14" ci="0" mb="0" cb="0"/><line nr="1723" mi="1" ci="0" mb="0" cb="0"/><line nr="1725" mi="2" ci="0" mb="0" cb="0"/><line nr="1743" mi="2" ci="0" mb="0" cb="0"/><line nr="1745" mi="2" ci="0" mb="0" cb="0"/><line nr="1746" mi="2" ci="0" mb="0" cb="0"/><line nr="1748" mi="6" ci="0" mb="4" cb="0"/><line nr="1749" mi="9" ci="0" mb="0" cb="0"/><line nr="1751" mi="2" ci="0" mb="2" cb="0"/><line nr="1752" mi="9" ci="0" mb="0" cb="0"/><line nr="1755" mi="5" ci="0" mb="4" cb="0"/><line nr="1756" mi="9" ci="0" mb="0" cb="0"/><line nr="1758" mi="5" ci="0" mb="0" cb="0"/><line nr="1759" mi="6" ci="0" mb="4" cb="0"/><line nr="1760" mi="5" ci="0" mb="0" cb="0"/><line nr="1762" mi="2" ci="0" mb="2" cb="0"/><line nr="1763" mi="5" ci="0" mb="0" cb="0"/><line nr="1765" mi="5" ci="0" mb="4" cb="0"/><line nr="1766" mi="6" ci="0" mb="0" cb="0"/><line nr="1769" mi="3" ci="0" mb="0" cb="0"/><line nr="1770" mi="1" ci="0" mb="0" cb="0"/><line nr="1771" mi="3" ci="0" mb="0" cb="0"/><line nr="1772" mi="14" ci="0" mb="0" cb="0"/><line nr="1773" mi="1" ci="0" mb="0" cb="0"/><line nr="1774" mi="3" ci="0" mb="0" cb="0"/><line nr="1775" mi="14" ci="0" mb="0" cb="0"/><line nr="1776" mi="1" ci="0" mb="0" cb="0"/><line nr="1777" mi="2" ci="0" mb="0" cb="0"/><line nr="1795" mi="2" ci="0" mb="0" cb="0"/><line nr="1796" mi="2" ci="0" mb="0" cb="0"/><line nr="1799" mi="5" ci="0" mb="0" cb="0"/><line nr="1802" mi="2" ci="0" mb="2" cb="0"/><line nr="1803" mi="5" ci="0" mb="0" cb="0"/><line nr="1804" mi="2" ci="0" mb="2" cb="0"/><line nr="1805" mi="2" ci="0" mb="0" cb="0"/><line nr="1806" mi="3" ci="0" mb="0" cb="0"/><line nr="1809" mi="4" ci="0" mb="0" cb="0"/><line nr="1811" mi="7" ci="0" mb="0" cb="0"/><line nr="1812" mi="2" ci="0" mb="0" cb="0"/><line nr="1814" mi="5" ci="0" mb="2" cb="0"/><line nr="1815" mi="5" ci="0" mb="0" cb="0"/><line nr="1818" mi="6" ci="0" mb="0" cb="0"/><line nr="1820" mi="1" ci="0" mb="0" cb="0"/><line nr="1821" mi="4" ci="0" mb="0" cb="0"/><line nr="1822" mi="14" ci="0" mb="0" cb="0"/><line nr="1823" mi="1" ci="0" mb="0" cb="0"/><line nr="1825" mi="3" ci="0" mb="0" cb="0"/><line nr="1843" mi="4" ci="0" mb="0" cb="0"/><line nr="1844" mi="2" ci="0" mb="0" cb="0"/><line nr="1846" mi="2" ci="0" mb="0" cb="0"/><line nr="1848" mi="2" ci="0" mb="0" cb="0"/><line nr="1850" mi="2" ci="0" mb="2" cb="0"/><line nr="1851" mi="10" ci="0" mb="0" cb="0"/><line nr="1853" mi="9" ci="0" mb="0" cb="0"/><line nr="1855" mi="5" ci="0" mb="0" cb="0"/><line nr="1856" mi="2" ci="0" mb="2" cb="0"/><line nr="1857" mi="7" ci="0" mb="0" cb="0"/><line nr="1859" mi="2" ci="0" mb="2" cb="0"/><line nr="1860" mi="5" ci="0" mb="0" cb="0"/><line nr="1863" mi="7" ci="0" mb="4" cb="0"/><line nr="1865" mi="7" ci="0" mb="2" cb="0"/><line nr="1866" mi="4" ci="0" mb="0" cb="0"/><line nr="1867" mi="4" ci="0" mb="0" cb="0"/><line nr="1868" mi="4" ci="0" mb="0" cb="0"/><line nr="1869" mi="1" ci="0" mb="0" cb="0"/><line nr="1872" mi="1" ci="0" mb="0" cb="0"/><line nr="1873" mi="3" ci="0" mb="0" cb="0"/><line nr="1874" mi="14" ci="0" mb="0" cb="0"/><line nr="1875" mi="1" ci="0" mb="0" cb="0"/><line nr="1876" mi="3" ci="0" mb="0" cb="0"/><line nr="1877" mi="14" ci="0" mb="0" cb="0"/><line nr="1878" mi="1" ci="0" mb="0" cb="0"/><line nr="1879" mi="2" ci="0" mb="0" cb="0"/><line nr="1896" mi="2" ci="0" mb="0" cb="0"/><line nr="1898" mi="2" ci="0" mb="0" cb="0"/><line nr="1899" mi="2" ci="0" mb="0" cb="0"/><line nr="1901" mi="6" ci="0" mb="4" cb="0"/><line nr="1902" mi="9" ci="0" mb="0" cb="0"/><line nr="1904" mi="2" ci="0" mb="2" cb="0"/><line nr="1905" mi="9" ci="0" mb="0" cb="0"/><line nr="1908" mi="5" ci="0" mb="4" cb="0"/><line nr="1909" mi="9" ci="0" mb="0" cb="0"/><line nr="1911" mi="5" ci="0" mb="0" cb="0"/><line nr="1912" mi="6" ci="0" mb="4" cb="0"/><line nr="1913" mi="5" ci="0" mb="0" cb="0"/><line nr="1915" mi="2" ci="0" mb="2" cb="0"/><line nr="1916" mi="5" ci="0" mb="0" cb="0"/><line nr="1918" mi="5" ci="0" mb="4" cb="0"/><line nr="1919" mi="6" ci="0" mb="0" cb="0"/><line nr="1922" mi="3" ci="0" mb="0" cb="0"/><line nr="1923" mi="1" ci="0" mb="0" cb="0"/><line nr="1924" mi="3" ci="0" mb="0" cb="0"/><line nr="1925" mi="14" ci="0" mb="0" cb="0"/><line nr="1926" mi="1" ci="0" mb="0" cb="0"/><line nr="1927" mi="3" ci="0" mb="0" cb="0"/><line nr="1928" mi="14" ci="0" mb="0" cb="0"/><line nr="1929" mi="1" ci="0" mb="0" cb="0"/><line nr="1930" mi="2" ci="0" mb="0" cb="0"/><line nr="1947" mi="4" ci="0" mb="0" cb="0"/><line nr="1948" mi="2" ci="0" mb="0" cb="0"/><line nr="1950" mi="6" ci="0" mb="0" cb="0"/><line nr="1952" mi="10" ci="0" mb="4" cb="0"/><line nr="1954" mi="3" ci="0" mb="2" cb="0"/><line nr="1955" mi="2" ci="0" mb="0" cb="0"/><line nr="1957" mi="4" ci="0" mb="4" cb="0"/><line nr="1966" mi="10" ci="0" mb="0" cb="0"/><line nr="1975" mi="10" ci="0" mb="4" cb="0"/><line nr="1976" mi="3" ci="0" mb="2" cb="0"/><line nr="1977" mi="2" ci="0" mb="0" cb="0"/><line nr="1979" mi="4" ci="0" mb="4" cb="0"/><line nr="1989" mi="10" ci="0" mb="0" cb="0"/><line nr="1997" mi="10" ci="0" mb="4" cb="0"/><line nr="1998" mi="3" ci="0" mb="2" cb="0"/><line nr="1999" mi="2" ci="0" mb="0" cb="0"/><line nr="2001" mi="4" ci="0" mb="4" cb="0"/><line nr="2003" mi="9" ci="0" mb="0" cb="0"/><line nr="2025" mi="2" ci="0" mb="0" cb="0"/><line nr="2027" mi="5" ci="0" mb="0" cb="0"/><line nr="2028" mi="11" ci="0" mb="0" cb="0"/><line nr="2030" mi="3" ci="0" mb="2" cb="0"/><line nr="2031" mi="6" ci="0" mb="0" cb="0"/><line nr="2033" mi="2" ci="0" mb="2" cb="0"/><line nr="2034" mi="9" ci="0" mb="0" cb="0"/><line nr="2037" mi="2" ci="0" mb="2" cb="0"/><line nr="2038" mi="9" ci="0" mb="0" cb="0"/><line nr="2041" mi="3" ci="0" mb="0" cb="0"/><line nr="2043" mi="1" ci="0" mb="0" cb="0"/><line nr="2044" mi="14" ci="0" mb="0" cb="0"/><line nr="2045" mi="1" ci="0" mb="0" cb="0"/><line nr="2046" mi="14" ci="0" mb="0" cb="0"/><line nr="2048" mi="1" ci="0" mb="0" cb="0"/><line nr="2049" mi="2" ci="0" mb="0" cb="0"/><line nr="2060" mi="4" ci="0" mb="0" cb="0"/><line nr="2062" mi="2" ci="0" mb="0" cb="0"/><line nr="2063" mi="2" ci="0" mb="2" cb="0"/><line nr="2064" mi="5" ci="0" mb="0" cb="0"/><line nr="2069" mi="2" ci="0" mb="2" cb="0"/><line nr="2070" mi="5" ci="0" mb="0" cb="0"/><line nr="2073" mi="9" ci="0" mb="6" cb="0"/><line nr="2074" mi="7" ci="0" mb="2" cb="0"/><line nr="2075" mi="4" ci="0" mb="0" cb="0"/><line nr="2076" mi="4" ci="0" mb="0" cb="0"/><line nr="2077" mi="1" ci="0" mb="0" cb="0"/><line nr="2080" mi="1" ci="0" mb="0" cb="0"/><line nr="2082" mi="14" ci="0" mb="0" cb="0"/><line nr="2083" mi="1" ci="0" mb="0" cb="0"/><line nr="2084" mi="2" ci="0" mb="0" cb="0"/><line nr="2088" mi="2" ci="0" mb="0" cb="0"/><line nr="2089" mi="2" ci="0" mb="0" cb="0"/><line nr="2090" mi="9" ci="0" mb="0" cb="0"/><line nr="2092" mi="3" ci="0" mb="2" cb="0"/><line nr="2093" mi="3" ci="0" mb="0" cb="0"/><line nr="2094" mi="3" ci="0" mb="0" cb="0"/><line nr="2097" mi="4" ci="0" mb="2" cb="0"/><line nr="2098" mi="2" ci="0" mb="0" cb="0"/><line nr="2100" mi="2" ci="0" mb="0" cb="0"/><line nr="2114" mi="4" ci="0" mb="0" cb="0"/><line nr="2115" mi="6" ci="0" mb="0" cb="0"/><line nr="2116" mi="6" ci="0" mb="0" cb="0"/><line nr="2117" mi="4" ci="0" mb="0" cb="0"/><line nr="2118" mi="6" ci="0" mb="0" cb="0"/><line nr="2119" mi="10" ci="0" mb="0" cb="0"/><line nr="2120" mi="9" ci="0" mb="0" cb="0"/><line nr="2121" mi="3" ci="0" mb="0" cb="0"/><line nr="2136" mi="2" ci="0" mb="2" cb="0"/><line nr="2137" mi="4" ci="0" mb="0" cb="0"/><line nr="2138" mi="4" ci="0" mb="0" cb="0"/><line nr="2139" mi="6" ci="0" mb="0" cb="0"/><line nr="2140" mi="7" ci="0" mb="0" cb="0"/><line nr="2141" mi="5" ci="0" mb="0" cb="0"/><line nr="2142" mi="7" ci="0" mb="0" cb="0"/><line nr="2143" mi="4" ci="0" mb="0" cb="0"/><line nr="2144" mi="3" ci="0" mb="0" cb="0"/><line nr="2153" mi="4" ci="0" mb="0" cb="0"/><line nr="2154" mi="1" ci="0" mb="0" cb="0"/><line nr="2157" mi="1" ci="0" mb="0" cb="0"/><line nr="2166" mi="2" ci="0" mb="0" cb="0"/><line nr="2169" mi="4" ci="0" mb="0" cb="0"/><line nr="2171" mi="1" ci="0" mb="0" cb="0"/><line nr="2173" mi="3" ci="0" mb="0" cb="0"/><line nr="2174" mi="14" ci="0" mb="0" cb="0"/><line nr="2175" mi="1" ci="0" mb="0" cb="0"/><line nr="2176" mi="2" ci="0" mb="0" cb="0"/><line nr="2180" mi="4" ci="0" mb="0" cb="0"/><line nr="2181" mi="3" ci="0" mb="0" cb="0"/><line nr="2185" mi="3" ci="0" mb="0" cb="0"/><line nr="2189" mi="3" ci="0" mb="0" cb="0"/><line nr="2190" mi="1" ci="0" mb="0" cb="0"/><line nr="2193" mi="3" ci="0" mb="0" cb="0"/><line nr="2197" mi="3" ci="0" mb="0" cb="0"/><line nr="2198" mi="1" ci="0" mb="0" cb="0"/><line nr="2201" mi="3" ci="0" mb="0" cb="0"/><line nr="2205" mi="3" ci="0" mb="0" cb="0"/><line nr="2206" mi="1" ci="0" mb="0" cb="0"/><line nr="2209" mi="3" ci="0" mb="0" cb="0"/><line nr="2214" mi="3" ci="0" mb="0" cb="0"/><line nr="2215" mi="1" ci="0" mb="0" cb="0"/><counter type="INSTRUCTION" missed="4748" covered="0"/><counter type="BRANCH" missed="540" covered="0"/><counter type="LINE" missed="981" covered="0"/><counter type="COMPLEXITY" missed="342" covered="0"/><counter type="METHOD" missed="72" covered="0"/><counter type="CLASS" missed="1" covered="0"/></sourcefile><counter type="INSTRUCTION" missed="6762" covered="0"/><counter type="BRANCH" missed="814" covered="0"/><counter type="LINE" missed="1325" covered="0"/><counter type="COMPLEXITY" missed="514" covered="0"/><counter type="METHOD" missed="107" covered="0"/><counter type="CLASS" missed="4" covered="0"/></package><counter type="INSTRUCTION" missed="19381" covered="0"/><counter type="BRANCH" missed="1596" covered="0"/><counter type="LINE" missed="4446" covered="0"/><counter type="COMPLEXITY" missed="2039" covered="0"/><counter type="METHOD" missed="1241" covered="0"/><counter type="CLASS" missed="89" covered="0"/></report>