GROUP,PACKAGE,CLASS,INSTRUCTION_MISSED,INSTRUCTION_COVERED,BRANCH_MISSED,BRANCH_COVERED,LINE_MISSED,LINE_COVERED,COMPLEXITY_MISSED,COMPLEXITY_COVERED,METHOD_MISSED,METHOD_COVERED
e-governments egi,org.egov.infra.config.persistence.datasource,DatasourceConfiguration,18,0,0,0,5,0,2,0,2,0
e-governments egi,org.egov.infra.config.persistence.datasource,DatasourceConfigCondition,17,0,2,0,3,0,4,0,3,0
e-governments egi,org.egov.infra.web.support.search,DataTableSearchRequest,31,0,0,0,8,0,7,0,7,0
e-governments egi,org.egov.infra.web.support.search,DataTableSearchRequest.Order,17,0,0,0,7,0,5,0,5,0
e-governments egi,org.egov.infra.web.support.search,DataTableSearchRequest.Columns,24,0,0,0,10,0,7,0,7,0
e-governments egi,org.egov.infra.web.support.search,DataTableSearchRequest.DataTableSearchParam,67,0,2,0,16,0,12,0,11,0
e-governments egi,org.egov.infra.filestore.entity,FileStoreMapper,48,44,5,3,16,13,13,5,9,5
e-governments egi,org.egov.infra.validation,ValidatorUtils,64,0,14,0,16,0,11,0,4,0
e-governments egi,org.egov.infra.admin.master.entity.es,CityIndex,66,0,0,0,28,0,19,0,19,0
e-governments egi,org.egov.infra.security.token.service,TokenService,69,0,6,0,16,0,8,0,5,0
e-governments egi,org.egov.infra.security.token.entity,Token,57,0,2,0,17,0,13,0,12,0
e-governments egi,org.egov.infra.security.utils,SecurityConstants,3,0,0,0,2,0,1,0,1,0
e-governments egi,org.egov.infra.security.utils,HMAC,37,0,0,0,8,0,3,0,3,0
e-governments egi,org.egov.infra.security.utils,SecureCodeUtils,72,0,0,0,15,0,6,0,6,0
e-governments egi,org.egov.infra.security.utils,VirtualSanitizer,70,0,6,0,18,0,8,0,5,0
e-governments egi,org.egov.infra.security.utils,SecurityUtils,63,0,8,0,13,0,13,0,9,0
e-governments egi,org.egov.infra.utils.autonumber,AutonumberServiceBeanResolver,51,0,8,0,10,0,6,0,2,0
e-governments egi,org.egov.infstr.utils,LabelValueBean,17,0,0,0,7,0,5,0,5,0
e-governments egi,org.egov.infstr.utils,EgovMasterDataCaching,1008,0,74,0,201,0,58,0,21,0
e-governments egi,org.egov.infstr.utils,EGovConfig,360,0,30,0,60,0,33,0,18,0
e-governments egi,org.egov.infra.config.security.voter,ApplicationDecisionVoter,18,0,4,0,6,0,6,0,4,0
e-governments egi,org.egov.infra.security.audit.service,LoginAttemptService,101,0,8,0,25,0,8,0,4,0
e-governments egi,org.egov.infra.security.audit.service,LoginAuditService,33,0,0,0,6,0,3,0,3,0
e-governments egi,org.egov.infra.notification,NotificationConstants,3,0,0,0,2,0,1,0,1,0
e-governments egi,org.egov.infra.config.security.authentication.userdetail,CurrentUser,77,0,4,0,18,0,14,0,12,0
e-governments egi,org.egov.infra.scheduler.quartz,QuartzJobAwareBeanFactory,129,0,12,0,29,0,11,0,5,0
e-governments egi,org.egov.infra.scheduler.quartz,AbstractQuartzJob,124,0,6,0,33,0,10,0,7,0
e-governments egi,org.egov.infra.admin.master.repository,ModuleRepositoryImpl,92,0,0,0,30,0,4,0,4,0
e-governments egi,org.egov.infra.rest.support,DefaultAPIRequestEnricher,5,0,0,0,2,0,2,0,2,0
e-governments egi,org.egov.infra.event.model,AbstractApplicationEvent,59,0,0,0,23,0,5,0,5,0
e-governments egi,org.egov.infra.web.spring.interceptor,CacheControlInterceptor,27,0,2,0,7,0,3,0,2,0
e-governments egi,org.egov.infra.web.spring.interceptor,DuplicateFormSubmissionInterceptor,197,0,26,0,46,0,25,0,12,0
e-governments egi,org.egov.infra.web.filter,MDCLoggingFilter,24,0,0,0,9,0,4,0,4,0
e-governments egi,org.egov.infra.web.filter,RestRequestWrapper.new ServletInputStream() {...},28,0,2,0,5,0,6,0,5,0
e-governments egi,org.egov.infra.web.filter,ApplicationCoreFilter,194,0,20,0,47,0,18,0,8,0
e-governments egi,org.egov.infra.web.filter,ApplicationAuthenticationEntryPoint,35,0,4,0,10,0,4,0,2,0
e-governments egi,org.egov.infra.web.filter,ApplicationTenantResolverFilter,68,0,0,0,15,0,5,0,5,0
e-governments egi,org.egov.infra.web.filter,CacheControlFilter,66,0,2,0,16,0,5,0,4,0
e-governments egi,org.egov.infra.web.filter,RestServiceAuthFilter,540,0,28,0,136,0,27,0,13,0
e-governments egi,org.egov.infra.web.filter,RestRequestWrapper,76,0,2,0,16,0,8,0,7,0
e-governments egi,org.egov.infra.admin.master.entity,CustomUserDetails,87,0,0,0,37,0,25,0,25,0
e-governments egi,org.egov.infra.admin.master.entity,AppConfigValues,81,0,8,0,24,0,17,0,13,0
e-governments egi,org.egov.infra.admin.master.entity,User,311,0,6,0,102,0,62,0,59,0
e-governments egi,org.egov.infra.admin.master.entity,BoundaryType,118,0,8,0,39,0,26,0,22,0
e-governments egi,org.egov.infra.admin.master.entity,SystemUser,6,0,0,0,3,0,1,0,1,0
e-governments egi,org.egov.infra.admin.master.entity,ActionT,76,0,0,0,31,0,16,0,16,0
e-governments egi,org.egov.infra.admin.master.entity,CityPreferences,106,0,4,0,41,0,30,0,28,0
e-governments egi,org.egov.infra.admin.master.entity,Device,116,0,22,0,37,0,22,0,11,0
e-governments egi,org.egov.infra.admin.master.entity,HierarchyType,60,14,8,0,15,6,11,4,7,4
e-governments egi,org.egov.infra.admin.master.entity,DepartmentT,180,0,30,0,57,0,36,0,21,0
e-governments egi,org.egov.infra.admin.master.entity,Location,31,0,0,0,13,0,9,0,9,0
e-governments egi,org.egov.infra.admin.master.entity,Feature,77,0,4,0,29,0,20,0,18,0
e-governments egi,org.egov.infra.admin.master.entity,Module,147,0,22,0,50,0,30,0,19,0
e-governments egi,org.egov.infra.admin.master.entity,AppConfig,95,0,8,0,26,0,18,0,14,0
e-governments egi,org.egov.infra.admin.master.entity,Boundary,167,0,10,0,57,0,40,0,35,0
e-governments egi,org.egov.infra.admin.master.entity,Action,103,0,4,0,39,0,26,0,24,0
e-governments egi,org.egov.infra.admin.master.entity,City,345,0,26,0,89,0,43,0,30,0
e-governments egi,org.egov.infra.admin.master.entity,CrossHierarchy,38,0,0,0,16,0,11,0,11,0
e-governments egi,org.egov.infra.admin.master.entity,UserT,203,0,0,0,83,0,53,0,53,0
e-governments egi,org.egov.infra.admin.master.entity,BusinessUser,6,0,0,0,3,0,1,0,1,0
e-governments egi,org.egov.infra.admin.master.entity,RoleT,46,0,0,0,19,0,10,0,10,0
e-governments egi,org.egov.infra.admin.master.entity,Role,66,0,6,0,21,0,15,0,12,0
e-governments egi,org.egov.infra.admin.master.entity,Department,118,20,29,1,30,9,19,5,4,5
e-governments egi,org.egov.infra.web.struts.utils,ServletActionRedirectResult,15,0,0,0,5,0,3,0,3,0
e-governments egi,org.egov.infra.elasticsearch.entity.enums,ClosureStatus,42,0,0,0,3,0,5,0,5,0
e-governments egi,org.egov.infra.elasticsearch.entity.enums,ApprovalStatus,52,0,0,0,3,0,5,0,5,0
e-governments egi,org.egov.infra.web.struts.converters,MoneyConverter,35,0,8,0,5,0,7,0,3,0
e-governments egi,org.egov.infra.web.support.ui,DataTable,73,0,0,0,20,0,11,0,11,0
e-governments egi,org.egov.infra.web.support.ui,Inbox,257,0,12,0,59,0,32,0,26,0
e-governments egi,org.egov.infra.script.entity,Script,80,0,0,0,28,0,15,0,15,0
e-governments egi,org.egov.infra.gis.service,GeoLocationConstants.new HashMap() {...},33,0,0,0,7,0,1,0,1,0
e-governments egi,org.egov.infra.gis.service,GeoLocationService,570,0,32,0,74,0,27,0,11,0
e-governments egi,org.egov.infra.gis.service,GeoLocationConstants,5,0,0,0,1,0,1,0,1,0
e-governments egi,org.egov.infra.workflow.service,StateHistoryService,19,0,2,0,4,0,3,0,2,0
e-governments egi,org.egov.infra.workflow.service,SimpleWorkflowService,728,0,62,0,109,0,47,0,16,0
e-governments egi,org.egov.infra.workflow.service,WorkflowActionService,15,0,0,0,3,0,3,0,3,0
e-governments egi,org.egov.infra.workflow.service,StateService,40,0,4,0,8,0,7,0,5,0
e-governments egi,org.egov.infra.workflow.service,WorkflowTypeService,33,0,0,0,5,0,5,0,5,0
e-governments egi,org.egov.infra.config.persistence.multitenancy,DomainBasedSchemaTenantIdentifierResolver,11,0,0,0,3,0,3,0,3,0
e-governments egi,org.egov.infra.config.persistence.multitenancy,MultiTenantSchemaConnectionProvider,81,0,6,0,23,0,12,0,9,0
e-governments egi,org.egov.infra.elasticsearch.entity.bean,ApplicationDetails,377,0,0,0,151,0,77,0,77,0
e-governments egi,org.egov.infra.elasticsearch.entity.bean,ServiceDetails,20,0,0,0,8,0,5,0,5,0
e-governments egi,org.egov.infra.elasticsearch.entity.bean,ServiceGroupDetails,30,0,0,0,12,0,7,0,7,0
e-governments egi,org.egov.infra.elasticsearch.entity.bean,ServiceGroupTrend,10,0,0,0,4,0,3,0,3,0
e-governments egi,org.egov.infra.elasticsearch.entity.bean,ApplicationIndexResponse,205,0,0,0,83,0,45,0,45,0
e-governments egi,org.egov.infra.elasticsearch.entity.bean,Trend,40,0,0,0,16,0,9,0,9,0
e-governments egi,org.egov.infra.elasticsearch.entity.bean,SourceTrend,38,0,0,0,16,0,11,0,11,0
e-governments egi,org.egov.infra.elasticsearch.entity.bean,ApplicationIndexRequest,150,0,0,0,64,0,43,0,43,0
e-governments egi,org.egov.infra.elasticsearch.entity.bean,ApplicationInfo,107,0,0,0,45,0,29,0,29,0
e-governments egi,org.egov.infra.notification.service,EmailService,73,0,0,0,21,0,3,0,3,0
e-governments egi,org.egov.infra.notification.service,SMSService,184,0,8,0,30,0,9,0,5,0
e-governments egi,org.egov.infra.notification.service,NotificationService,194,0,14,0,36,0,17,0,10,0
e-governments egi,org.egov.infra.web.utils,WebUtils,193,0,6,0,27,0,12,0,9,0
e-governments egi,org.egov.infra.web.utils,EgovPaginatedList,146,0,6,0,52,0,21,0,18,0
e-governments egi,org.egov.infra.web.struts.actions,ReportFormAction,116,0,4,0,34,0,16,0,14,0
e-governments egi,org.egov.infra.web.struts.actions,BaseFormAction,410,0,40,0,69,0,42,0,22,0
e-governments egi,org.egov.infra.web.struts.actions,SearchFormAction,135,0,10,0,33,0,20,0,15,0
e-governments egi,org.egov.infra.config.security,SecurityConfiguration,17,0,0,0,4,0,4,0,4,0
e-governments egi,org.egov.infra.microservice.utils,PaymentUtils,424,0,8,0,100,0,14,0,10,0
e-governments egi,org.egov.infra.microservice.utils,ApplicationConfigManager,244,0,28,0,23,0,56,0,42,0
e-governments egi,org.egov.infra.microservice.utils,FilterRequest,80,0,0,0,34,0,23,0,23,0
e-governments egi,org.egov.infra.microservice.utils,PaymentSearchCriteria.PaymentSearchCriteriaBuilder,218,0,0,0,1,0,20,0,20,0
e-governments egi,org.egov.infra.microservice.utils,MicroserviceUtils.new TypeReference() {...},6,0,0,0,1,0,1,0,1,0
e-governments egi,org.egov.infra.microservice.utils,MicroserviceUtils.new ByteArrayResource() {...},14,0,0,0,2,0,2,0,2,0
e-governments egi,org.egov.infra.microservice.utils,MicroserviceUtils.new TypeReference() {...},6,0,0,0,1,0,1,0,1,0
e-governments egi,org.egov.infra.microservice.utils,MicroserviceUtils.new TypeReference() {...},6,0,0,0,1,0,1,0,1,0
e-governments egi,org.egov.infra.microservice.utils,MicroserviceUtils.new TypeReference() {...},6,0,0,0,1,0,1,0,1,0
e-governments egi,org.egov.infra.microservice.utils,MicroserviceUtils.new TypeReference() {...},6,0,0,0,1,0,1,0,1,0
e-governments egi,org.egov.infra.microservice.utils,MicroserviceUtils.new TypeReference() {...},6,0,0,0,1,0,1,0,1,0
e-governments egi,org.egov.infra.microservice.utils,PaymentSearchCriteria,829,0,142,0,21,0,112,0,41,0
e-governments egi,org.egov.infra.microservice.utils,MicroserviceUtils,6107,0,408,0,1124,0,326,0,121,0
e-governments egi,org.egov.infra.security.audit.contract,LoginAuditReportRequest,38,0,0,0,16,0,11,0,11,0
e-governments egi,org.egov.infra.aadhaar.webservice.contract,AadhaarInfo,75,0,4,0,12,0,5,0,3,0
e-governments egi,org.egov.infra.aadhaar.webservice.contract,AadhaarInfoImpl,84,0,8,0,8,0,12,0,8,0
e-governments egi,org.egov.infra.aadhaar.webservice.contract,AadhaarInfoImpl.Return,3,0,0,0,1,0,1,0,1,0
e-governments egi,org.egov.infra.filestore.service.impl,MicroDiskFileStoreService,589,0,14,0,106,0,30,0,23,0
e-governments egi,org.egov.infra.filestore.service.impl,LocalDiskFileStoreService,106,274,5,9,16,46,6,17,1,15
e-governments egi,org.egov.infra.persistence.utils,Page,234,0,26,0,66,0,25,0,12,0
e-governments egi,org.egov.infra.persistence.utils,PersistenceUtils,34,0,6,0,12,0,6,0,3,0
e-governments egi,org.egov.infra.persistence.utils,DatabaseSequenceProvider,16,0,0,0,5,0,2,0,2,0
e-governments egi,org.egov.infra.persistence.utils,DatabaseSequenceCreator,20,0,0,0,5,0,2,0,2,0
e-governments egi,org.egov.infra.persistence.utils,GenericSequenceNumberGenerator,23,0,0,0,6,0,2,0,2,0
e-governments egi,org.egov.infra.web.support.json.adapter,HibernateProxyTypeAdapter,30,0,2,0,10,0,5,0,4,0
e-governments egi,org.egov.infra.web.support.json.adapter,AssignmentAdaptor,19,0,0,0,5,0,2,0,2,0
e-governments egi,org.egov.infra.web.support.json.adapter,BoundaryAdapter,58,0,4,0,10,0,4,0,2,0
e-governments egi,org.egov.infra.web.support.json.adapter,DataTableJsonAdapter,34,0,0,0,7,0,1,0,1,0
e-governments egi,org.egov.infra.web.support.json.adapter,UserAdaptor,19,0,0,0,5,0,2,0,2,0
e-governments egi,org.egov.infra.web.support.json.adapter,BoundaryDatatableAdapter,82,0,4,0,16,0,5,0,3,0
e-governments egi,org.egov.infra.web.support.json.adapter,HibernateProxyTypeAdapter.new TypeAdapterFactory() {...},21,0,2,0,3,0,3,0,2,0
e-governments egi,org.egov.infra.config.persistence.auditing,BaseRevisionEntity,17,0,0,0,7,0,5,0,5,0
e-governments egi,org.egov.infra.reporting.viewer,ReportViewer,245,0,22,0,42,0,16,0,5,0
e-governments egi,org.egov.infra.reporting.viewer,ReportViewerUtil,28,0,0,0,8,0,5,0,5,0
e-governments egi,org.egov.infra.elasticsearch.entity,ApplicationIndex.Builder,193,0,0,0,62,0,20,0,20,0
e-governments egi,org.egov.infra.elasticsearch.entity,ApplicationIndex,285,0,10,0,99,0,59,0,54,0
e-governments egi,org.egov.infra.rest.client,SimpleRestClient.new TypeToken() {...},6,0,0,0,1,0,1,0,1,0
e-governments egi,org.egov.infra.rest.client,SimpleRestClient,41,0,0,0,8,0,4,0,4,0
e-governments egi,org.egov.infra.web.struts.actions.workflow,GenericWorkFlowFormBean,66,0,0,0,28,0,19,0,19,0
e-governments egi,org.egov.infra.web.struts.actions.workflow,GenericWorkFlowAction,168,0,10,0,31,0,18,0,13,0
e-governments egi,org.egov.infra.aadhaar.webservice.client,AadhaarInfoServiceClient,87,0,0,0,20,0,4,0,4,0
e-governments egi,org.egov.infra.config.security.authentication.filter,ApplicationAuthenticationFilter,109,0,6,0,27,0,8,0,5,0
e-governments egi,org.egov.infstr.search,SearchQueryHQL,48,0,4,0,11,0,5,0,3,0
e-governments egi,org.egov.infstr.search,SearchQuerySQL,74,0,8,0,16,0,8,0,4,0
e-governments egi,org.egov.infra.web.rest.error,ErrorResponse,22,0,0,0,8,0,4,0,4,0
e-governments egi,org.egov.infra.persistence.entity.enums,UserType,58,0,0,0,2,0,4,0,4,0
e-governments egi,org.egov.infra.persistence.entity.enums,Gender,48,0,0,0,2,0,4,0,4,0
e-governments egi,org.egov.infra.persistence.entity.enums,GuardianRelation,58,0,0,0,2,0,4,0,4,0
e-governments egi,org.egov.infra.persistence.entity.enums,AddressType,78,0,0,0,2,0,4,0,4,0
e-governments egi,org.egov.infra.web.rest.handler,RestErrorHandler,55,0,8,0,11,0,8,0,4,0
e-governments egi,org.egov.infra.web.rest.handler,RestTemplateLoggerInterceptor,119,0,0,0,17,0,5,0,5,0
e-governments egi,org.egov.infra.web.security.filter,XSSFilter,16,0,0,0,6,0,4,0,4,0
e-governments egi,org.egov.infra.web.security.filter,XSSRequestWrapper,52,0,4,0,12,0,6,0,4,0
e-governments egi,org.egov.infra.exception,ApplicationValidationException,4,0,0,0,2,0,1,0,1,0
e-governments egi,org.egov.infra.exception,ApplicationRuntimeException,0,9,0,0,0,4,0,2,0,2
e-governments egi,org.egov.infra.exception,ApplicationException,20,0,0,0,7,0,3,0,3,0
e-governments egi,org.egov.infra.exception,AuthorizationException,20,0,0,0,7,0,3,0,3,0
e-governments egi,org.egov.infra.exception,MicroServiceNotAuthroizedException,12,0,0,0,6,0,3,0,3,0
e-governments egi,org.egov.infra.exception,MicroServiceInvalidTokenException,12,0,0,0,6,0,3,0,3,0
e-governments egi,org.egov.infra.script.service,ScriptEngineProvider,55,0,8,0,14,0,6,0,2,0
e-governments egi,org.egov.infra.script.service,ScriptService,518,0,42,0,105,0,39,0,18,0
e-governments egi,org.egov.infra.elasticsearch.service.es,ApplicationDocumentService,3892,0,404,0,725,0,236,0,34,0
e-governments egi,org.egov.infra.config.messaging,MessagingErrorHandler,13,0,0,0,4,0,3,0,3,0
e-governments egi,org.egov.infra.config.messaging,MessagingConfiguration,44,0,0,0,14,0,5,0,5,0
e-governments egi,org.egov.infra.config.messaging,MessagingListenerConfiguration,55,0,0,0,17,0,4,0,4,0
e-governments egi,org.egov.infra.persistence.validator,UniqueCheckValidator,127,0,14,0,24,0,11,0,4,0
e-governments egi,org.egov.infra.persistence.validator,DateValidator,53,0,6,0,16,0,7,0,4,0
e-governments egi,org.egov.infra.persistence.validator,OptionalPatternValidator,27,0,4,0,7,0,5,0,3,0
e-governments egi,org.egov.infra.persistence.validator,AlphaNumericValidator,16,0,4,0,3,0,5,0,3,0
e-governments egi,org.egov.infra.persistence.validator,NumericValidator,21,0,4,0,8,0,5,0,3,0
e-governments egi,org.egov.infra.persistence.validator,CompareDatesValidator,57,0,8,0,12,0,7,0,3,0
e-governments egi,org.egov.infra.persistence.validator,DateFormatValidator,18,0,4,0,4,0,5,0,3,0
e-governments egi,org.egov.infra.persistence.validator,RequiredValidator,17,0,4,0,7,0,5,0,3,0
e-governments egi,org.egov.infra.persistence.validator,GreaterThanValidator,71,0,16,0,15,0,11,0,3,0
e-governments egi,org.egov.infra.persistence.validator,CompositeUniqueCheckValidator,158,0,20,0,25,0,14,0,4,0
e-governments egi,org.egov.infra.persistence.validator,UniqueDateOverlapValidator,203,0,10,0,35,0,9,0,4,0
e-governments egi,org.egov.infra.workflow.entity,State.StateStatus,48,0,0,0,2,0,4,0,4,0
e-governments egi,org.egov.infra.workflow.entity,WorkflowTypes,59,0,0,0,25,0,17,0,17,0
e-governments egi,org.egov.infra.workflow.entity,OwnerGroup,10,0,0,0,4,0,3,0,3,0
e-governments egi,org.egov.infra.workflow.entity,State,183,0,0,0,74,0,49,0,49,0
e-governments egi,org.egov.infra.workflow.entity,StateAware,149,0,24,0,28,0,31,0,19,0
e-governments egi,org.egov.infra.workflow.entity,StateAware.Transition,506,0,22,0,127,0,39,0,28,0
e-governments egi,org.egov.infra.workflow.entity,WorkflowType,59,0,0,0,25,0,17,0,17,0
e-governments egi,org.egov.infra.workflow.entity,StateHistory,203,0,0,0,75,0,38,0,38,0
e-governments egi,org.egov.infra.workflow.entity,WorkflowAction,43,0,0,0,19,0,10,0,10,0
e-governments egi,org.egov.infra.web.support.propertyeditor,JodaDateTimeEditor,41,0,6,0,10,0,6,0,3,0
e-governments egi,org.egov.infra.web.struts.interceptors,CacheControlInterceptor,26,0,2,0,8,0,3,0,2,0
e-governments egi,org.egov.infra.web.struts.interceptors,CustomI18nInterceptor,86,0,10,0,17,0,8,0,3,0
e-governments egi,org.egov.infra.web.struts.interceptors,TrimInterceptor,64,0,6,0,12,0,5,0,2,0
e-governments egi,org.egov.infra.web.struts.interceptors,ValidationInterceptor,211,0,26,0,47,0,17,0,4,0
e-governments egi,org.egov.infra.web.struts.interceptors,ExceptionInterceptor,8,0,0,0,3,0,2,0,2,0
e-governments egi,org.egov.infra.config.notification,EmailConfiguration,55,0,0,0,13,0,2,0,2,0
e-governments egi,org.egov.infra.config.notification,NotificationConfiguration,56,0,0,0,18,0,6,0,6,0
e-governments egi,org.egov.infra.web.displaytag.export,MyHtmlParser.HTMLParseLister,31,0,2,0,7,0,3,0,2,0
e-governments egi,org.egov.infra.web.displaytag.export,EGovPdfView,362,0,16,0,90,0,22,0,14,0
e-governments egi,org.egov.infra.web.displaytag.export,MyHtmlParser,51,0,0,0,19,0,8,0,8,0
e-governments egi,org.egov.infra.web.displaytag.export,EGovPdfView.PdfGenerationException,9,0,0,0,3,0,2,0,2,0
e-governments egi,org.egov.infra.web.displaytag.export,EGovExcelView,254,0,32,0,67,0,28,0,12,0
e-governments egi,org.egov.infra.web.displaytag.export,EGovPdfView.PageNumber,122,0,0,0,27,0,2,0,2,0
e-governments egi,org.egov.infra.config.security.authentication.userdetail.service,UserDetailService,8,0,0,0,4,0,2,0,2,0
e-governments egi,org.egov.infra.config.security.authentication.handler,ApplicationAuthenticationSuccessHandler,91,0,10,0,26,0,10,0,5,0
e-governments egi,org.egov.infra.config.security.authentication.handler,ApplicationLogoutHandler,47,0,6,0,12,0,6,0,3,0
e-governments egi,org.egov.infra.persistence.entity,PermanentAddress,6,0,0,0,3,0,1,0,1,0
e-governments egi,org.egov.infra.persistence.entity,AbstractAuditable,28,3,0,0,12,1,8,1,8,1
e-governments egi,org.egov.infra.persistence.entity,Address,344,0,48,0,93,0,56,0,32,0
e-governments egi,org.egov.infra.persistence.entity,CorrespondenceAddress,6,0,0,0,3,0,1,0,1,0
e-governments egi,org.egov.infra.persistence.entity,AbstractPersistable,35,3,4,0,4,1,6,1,4,1
e-governments egi,org.egov.infra.config.notification.listener,SMSNotificationListener,46,0,0,0,14,0,3,0,3,0
e-governments egi,org.egov.infra.config.notification.listener,EmailNotificationListener,50,0,2,0,12,0,3,0,2,0
e-governments egi,org.egov.infra.config.security.authorization,ApplicationAuthorizationMetadataSource,61,0,0,0,15,0,7,0,7,0
e-governments egi,org.egov.infra.config.security.authentication.userdetail.checker,UserActivationChecker,23,0,4,0,6,0,4,0,2,0
e-governments egi,org.egov.infra.workflow.matrix.service,WorkFlowAdditionalDetailsService,117,0,8,0,25,0,11,0,7,0
e-governments egi,org.egov.infra.workflow.matrix.service,WorkFlowMatrixService,9,0,0,0,2,0,2,0,2,0
e-governments egi,org.egov.infra.workflow.matrix.service,CustomizedWorkFlowService,208,0,22,0,31,0,23,0,12,0
e-governments egi,org.egov.infra.workflow.matrix.service,WorkFlowDeptDesgMapService,37,0,0,0,6,0,6,0,6,0
e-governments egi,org.egov.infra.admin.auditing.service,FeatureAuditService,27,0,0,0,5,0,2,0,2,0
e-governments egi,org.egov.infra.admin.auditing.service,UserAuditService,38,0,0,0,7,0,4,0,4,0
e-governments egi,org.egov.infra.elasticsearch.service.util,ApplicationDocumentMapper,28,0,0,0,5,0,2,0,2,0
e-governments egi,org.egov.infra.web.spring.tags,DuplicateFormSubmissionTokenTag,61,0,2,0,11,0,3,0,2,0
e-governments egi,org.egov.infra.elasticsearch.service,ApplicationIndexService,78,0,0,0,18,0,4,0,4,0
e-governments egi,org.egov.infra.config.elasticsearch,ElasticSearchConfiguration,44,0,0,0,9,0,4,0,4,0
e-governments egi,org.egov.infra.validation.exception,ValidationError,136,0,22,0,37,0,19,0,8,0
e-governments egi,org.egov.infra.validation.exception,ValidationException,34,0,0,0,11,0,4,0,4,0
e-governments egi,org.egov.infra.config.persistence.event.listener,HibernateEventListener,187,0,26,0,47,0,19,0,6,0
e-governments egi,org.egov.infra.validation.regex,Constants,3,0,0,0,1,0,1,0,1,0
e-governments egi,org.egov.infra.workflow.inbox,DefaultInboxRenderServiceImpl,113,0,0,0,23,0,3,0,3,0
e-governments egi,org.egov.infra.workflow.inbox,InboxRenderServiceDelegate,555,0,66,0,118,0,54,0,21,0
e-governments egi,org.egov.infra.config.cache,CacheConfiguration,74,0,2,0,17,0,7,0,6,0
e-governments egi,org.egov.infra.config.event,ApplicationEventConfiguration,33,0,0,0,11,0,3,0,3,0
e-governments egi,org.egov.infra.config.security.repository,ApplicationSecurityRepository,401,0,14,0,82,0,16,0,9,0
e-governments egi,org.egov.infra.web.support.json.mapper,HibernateAwareObjectMapper,9,0,0,0,3,0,1,0,1,0
e-governments egi,org.egov.infra.cache.impl,LRUCache,18,0,2,0,4,0,3,0,2,0
e-governments egi,org.egov.infra.cache.impl,ApplicationCacheManager,34,0,0,0,7,0,5,0,5,0
e-governments egi,org.egov.infra.utils,NumberUtil.NumberFormatStyle,38,0,0,0,2,0,4,0,4,0
e-governments egi,org.egov.infra.utils,StringUtils,119,0,8,0,20,0,22,0,18,0
e-governments egi,org.egov.infra.utils,ApplicationNumberGenerator,49,0,0,0,9,0,2,0,2,0
e-governments egi,org.egov.infra.utils,NumberToWord,810,0,100,0,124,0,67,0,8,0
e-governments egi,org.egov.infra.utils,ApplicationConstant,10,0,0,0,4,0,2,0,2,0
e-governments egi,org.egov.infra.utils,JsonUtils,68,0,0,0,16,0,7,0,7,0
e-governments egi,org.egov.infra.utils,MoneyUtils,158,0,14,0,33,0,15,0,8,0
e-governments egi,org.egov.infra.utils,ImageUtils,203,0,24,0,30,0,18,0,6,0
e-governments egi,org.egov.infra.utils,NumberUtil,149,0,9,0,20,0,12,0,7,0
e-governments egi,org.egov.infra.utils,FileStoreUtils,405,0,30,0,85,0,29,0,14,0
e-governments egi,org.egov.infra.utils,DateUtils,624,0,20,0,76,0,51,0,41,0
e-governments egi,org.egov.infra.utils,PdfUtils,74,0,8,0,10,0,6,0,2,0
e-governments egi,org.egov.infra.utils,NumberToWordConverter,453,0,46,0,77,0,31,0,8,0
e-governments egi,org.egov.infra.utils,NumberUtil.new Object() {...},19,0,0,0,1,0,1,0,1,0
e-governments egi,org.egov.infra.utils,FileUtils,170,0,18,0,22,0,13,0,4,0
e-governments egi,org.egov.infra.notification.entity,NotificationGroup,48,0,0,0,20,0,14,0,14,0
e-governments egi,org.egov.infra.notification.entity,NotificationPriority,52,0,0,0,3,0,5,0,5,0
e-governments egi,org.egov.infra.config.cache.resolver,MultiTenantCacheResolver,7,0,0,0,3,0,2,0,2,0
e-governments egi,org.egov.infra.config.redis,RedisServerConfiguration,142,0,6,0,31,0,8,0,5,0
e-governments egi,org.egov.infra.config.redis,RedisServerConfigCondition,11,0,0,0,2,0,2,0,2,0
e-governments egi,org.egov.infra.config.redis,EmbeddedRedisServer,22,0,2,0,9,0,6,0,5,0
e-governments egi,org.egov.infra.security.audit.entity,LoginAttempt,31,0,0,0,13,0,9,0,9,0
e-governments egi,org.egov.infra.security.audit.entity,LoginAudit,45,0,0,0,19,0,13,0,13,0
e-governments egi,org.egov.infra.config.persistence.migration,DBMigrationConfiguration,182,0,16,0,34,0,15,0,7,0
e-governments egi,org.egov.infstr.models,BaseModel,98,0,14,0,34,0,21,0,14,0
e-governments egi,org.egov.infra.config.session,RedisHttpSessionConfiguration,36,0,0,0,11,0,5,0,5,0
e-governments egi,org.egov.infra.microservice.models,Remittance,116,0,0,0,46,0,29,0,29,0
e-governments egi,org.egov.infra.microservice.models,BusinessDetailsResponse,17,0,0,0,7,0,5,0,5,0
e-governments egi,org.egov.infra.microservice.models,BusinessServiceMapping,73,0,0,0,31,0,21,0,21,0
e-governments egi,org.egov.infra.microservice.models,CollectionType,88,0,4,0,11,0,9,0,7,0
e-governments egi,org.egov.infra.microservice.models,InstrumentAccountCodeResponse,17,0,0,0,7,0,5,0,5,0
e-governments egi,org.egov.infra.microservice.models,EmployeeSearchCriteria,309,0,24,0,29,0,49,0,37,0
e-governments egi,org.egov.infra.microservice.models,RemittanceSearcCriteria,272,0,0,0,22,0,38,0,38,0
e-governments egi,org.egov.infra.microservice.models,BillV2.BillV2Builder,302,0,0,0,1,0,27,0,27,0
e-governments egi,org.egov.infra.microservice.models,InstrumentAccountCode,45,0,0,0,19,0,13,0,13,0
e-governments egi,org.egov.infra.microservice.models,BillDetailV2.BillDetailV2Builder,278,0,0,0,1,0,25,0,25,0
e-governments egi,org.egov.infra.microservice.models,InstrumentStatusEnum.Category,38,0,0,0,3,0,4,0,4,0
e-governments egi,org.egov.infra.microservice.models,Assignment,665,0,120,0,192,0,106,0,46,0
e-governments egi,org.egov.infra.microservice.models,RemittanceRequest,30,0,0,0,12,0,7,0,7,0
e-governments egi,org.egov.infra.microservice.models,Designation,118,0,0,0,32,0,17,0,17,0
e-governments egi,org.egov.infra.microservice.models,PaymentModeEnum,131,0,8,0,18,0,11,0,7,0
e-governments egi,org.egov.infra.microservice.models,MdmsCriteria,26,0,0,0,11,0,6,0,6,0
e-governments egi,org.egov.infra.microservice.models,EmployeeInfoResponse,22,0,0,0,8,0,5,0,5,0
e-governments egi,org.egov.infra.microservice.models,RemittanceDepositWorkDetail,645,0,110,0,19,0,88,0,33,0
e-governments egi,org.egov.infra.microservice.models,Category,139,0,4,0,17,0,8,0,6,0
e-governments egi,org.egov.infra.microservice.models,BillV2.StatusEnum,120,0,8,0,17,0,11,0,7,0
e-governments egi,org.egov.infra.microservice.models,Amount,31,0,0,0,13,0,9,0,9,0
e-governments egi,org.egov.infra.microservice.models,Payment.PaymentBuilder,326,0,0,0,1,0,29,0,29,0
e-governments egi,org.egov.infra.microservice.models,RemittanceReceipt,31,0,0,0,13,0,9,0,9,0
e-governments egi,org.egov.infra.microservice.models,BillV2,1312,0,202,0,58,0,157,0,56,0
e-governments egi,org.egov.infra.microservice.models,GlCodeMasterResponse,22,0,0,0,8,0,5,0,5,0
e-governments egi,org.egov.infra.microservice.models,PaymentWorkflow.PaymentAction,84,0,4,0,12,0,8,0,6,0
e-governments egi,org.egov.infra.microservice.models,BusinessAccountDetails,58,0,2,0,22,0,16,0,15,0
e-governments egi,org.egov.infra.microservice.models,ReceiptRequest,20,0,0,0,8,0,5,0,5,0
e-governments egi,org.egov.infra.microservice.models,BankAccountServiceMapping,45,0,0,0,19,0,13,0,13,0
e-governments egi,org.egov.infra.microservice.models,BillAccountDetail.BillAccountDetailBuilder,230,0,0,0,1,0,21,0,21,0
e-governments egi,org.egov.infra.microservice.models,BillResponse,15,0,0,0,5,0,3,0,3,0
e-governments egi,org.egov.infra.microservice.models,CustomUserDetails,193,0,0,0,52,0,27,0,27,0
e-governments egi,org.egov.infra.microservice.models,InstrumentVoucher,24,0,0,0,10,0,7,0,7,0
e-governments egi,org.egov.infra.microservice.models,Error,216,0,18,0,50,0,27,0,18,0
e-governments egi,org.egov.infra.microservice.models,StorageResponse,10,0,0,0,4,0,3,0,3,0
e-governments egi,org.egov.infra.microservice.models,PeriodCycle,95,0,4,0,13,0,8,0,6,0
e-governments egi,org.egov.infra.microservice.models,PaymentResponse.PaymentResponseBuilder,38,0,0,0,1,0,5,0,5,0
e-governments egi,org.egov.infra.microservice.models,BusinessCategoryResponse,17,0,0,0,7,0,5,0,5,0
e-governments egi,org.egov.infra.microservice.models,ModuleDetail,26,0,0,0,11,0,6,0,6,0
e-governments egi,org.egov.infra.microservice.models,BillAccountDetail,432,0,14,0,35,0,50,0,43,0
e-governments egi,org.egov.infra.microservice.models,Role,73,0,0,0,20,0,11,0,11,0
e-governments egi,org.egov.infra.microservice.models,InstrumentType,31,0,0,0,13,0,9,0,9,0
e-governments egi,org.egov.infra.microservice.models,Instrument,176,0,0,0,74,0,49,0,49,0
e-governments egi,org.egov.infra.microservice.models,PaymentWorkflowRequest.PaymentWorkflowRequestBuilder,38,0,0,0,1,0,5,0,5,0
e-governments egi,org.egov.infra.microservice.models,Department,88,0,0,0,25,0,13,0,13,0
e-governments egi,org.egov.infra.microservice.models,Bill,153,0,0,0,61,0,31,0,31,0
e-governments egi,org.egov.infra.microservice.models,FinancialStatusResponse,10,0,0,0,4,0,3,0,3,0
e-governments egi,org.egov.infra.microservice.models,PaymentStatusEnum,131,0,8,0,18,0,11,0,7,0
e-governments egi,org.egov.infra.microservice.models,MdmsCriteriaReq,26,0,0,0,12,0,6,0,6,0
e-governments egi,org.egov.infra.microservice.models,BusinessDetails,136,0,0,0,58,0,39,0,39,0
e-governments egi,org.egov.infra.microservice.models,RemittanceSearcCriteria.RemittanceSearcCriteriaBuilder,218,0,0,0,1,0,20,0,20,0
e-governments egi,org.egov.infra.microservice.models,PaymentWorkflowRequest,139,0,22,0,6,0,22,0,11,0
e-governments egi,org.egov.infra.microservice.models,DemandRequest,22,0,0,0,8,0,5,0,5,0
e-governments egi,org.egov.infra.microservice.models,BusinessCategory,38,0,0,0,16,0,11,0,11,0
e-governments egi,org.egov.infra.microservice.models,User,185,0,0,0,52,0,27,0,27,0
e-governments egi,org.egov.infra.microservice.models,PaymentResponse,139,0,22,0,6,0,22,0,11,0
e-governments egi,org.egov.infra.microservice.models,MisRemittancePOJO,73,0,0,0,31,0,21,0,21,0
e-governments egi,org.egov.infra.microservice.models,RemittanceDepositWorkDetail.RemittanceDepositWorkDetailBuilder,170,0,0,0,1,0,16,0,16,0
e-governments egi,org.egov.infra.microservice.models,InstrumentRequest,27,0,0,0,9,0,5,0,5,0
e-governments egi,org.egov.infra.microservice.models,RoleInfo,23,0,0,0,11,0,6,0,6,0
e-governments egi,org.egov.infra.microservice.models,PaymentRequest.PaymentRequestBuilder,38,0,0,0,1,0,5,0,5,0
e-governments egi,org.egov.infra.microservice.models,PaymentDetail,703,0,118,0,21,0,94,0,35,0
e-governments egi,org.egov.infra.microservice.models,AuditDetails,45,0,0,0,18,0,10,0,10,0
e-governments egi,org.egov.infra.microservice.models,DesignationResponse,36,0,0,0,12,0,6,0,6,0
e-governments egi,org.egov.infra.microservice.models,StorageRequest,31,0,0,0,13,0,9,0,9,0
e-governments egi,org.egov.infra.microservice.models,RemittanceDetail,45,0,0,0,19,0,13,0,13,0
e-governments egi,org.egov.infra.microservice.models,ReceiptResponse,10,0,0,0,4,0,3,0,3,0
e-governments egi,org.egov.infra.microservice.models,BusinessService,59,0,0,0,26,0,17,0,17,0
e-governments egi,org.egov.infra.microservice.models,DishonorReasonContract.DishonorReasonContractBuilder,86,0,0,0,1,0,9,0,9,0
e-governments egi,org.egov.infra.microservice.models,TaxPeriodResponse,15,0,0,0,5,0,3,0,3,0
e-governments egi,org.egov.infra.microservice.models,DishonorReasonContract,70,0,0,0,10,0,15,0,15,0
e-governments egi,org.egov.infra.microservice.models,RemittanceInstrument,38,0,0,0,16,0,11,0,11,0
e-governments egi,org.egov.infra.microservice.models,TransactionType,38,0,0,0,2,0,4,0,4,0
e-governments egi,org.egov.infra.microservice.models,EmployeeInfo,71,0,0,0,29,0,19,0,19,0
e-governments egi,org.egov.infra.microservice.models,RemittanceResponseDepositWorkDetails,10,0,0,0,4,0,3,0,3,0
e-governments egi,org.egov.infra.microservice.models,MdmsResponse,26,0,0,0,12,0,6,0,6,0
e-governments egi,org.egov.infra.microservice.models,InstrumentResponse,10,0,0,0,4,0,3,0,3,0
e-governments egi,org.egov.infra.microservice.models,BillDetailAdditional,56,0,0,0,24,0,12,0,12,0
e-governments egi,org.egov.infra.microservice.models,BusinessServiceCriteria,73,0,0,0,31,0,21,0,21,0
e-governments egi,org.egov.infra.microservice.models,Demand,116,0,0,0,47,0,30,0,30,0
e-governments egi,org.egov.infra.microservice.models,RemitancePOJO,31,0,0,0,13,0,9,0,9,0
e-governments egi,org.egov.infra.microservice.models,RequestInfo,73,0,0,0,31,0,21,0,21,0
e-governments egi,org.egov.infra.microservice.models,TaxHeadMasterResponse,22,0,0,0,8,0,5,0,5,0
e-governments egi,org.egov.infra.microservice.models,InstrumentStatusEnum,177,0,10,0,23,0,13,0,8,0
e-governments egi,org.egov.infra.microservice.models,BankAccount,17,0,0,0,7,0,5,0,5,0
e-governments egi,org.egov.infra.microservice.models,MisRemittanceDetails,73,0,0,0,31,0,21,0,21,0
e-governments egi,org.egov.infra.microservice.models,BusinessAccountSubLedger,44,0,2,0,16,0,12,0,11,0
e-governments egi,org.egov.infra.microservice.models,MasterDetail,26,0,0,0,11,0,6,0,6,0
e-governments egi,org.egov.infra.microservice.models,GlCodeMaster,52,0,0,0,22,0,15,0,15,0
e-governments egi,org.egov.infra.microservice.models,UserInfo,96,0,0,0,40,0,20,0,20,0
e-governments egi,org.egov.infra.microservice.models,ResponseInfo,103,0,0,0,28,0,15,0,15,0
e-governments egi,org.egov.infra.microservice.models,DepartmentResponse,36,0,0,0,12,0,6,0,6,0
e-governments egi,org.egov.infra.microservice.models,BankAccountServiceMappingResponse,10,0,0,0,4,0,3,0,3,0
e-governments egi,org.egov.infra.microservice.models,Purpose,150,0,4,0,18,0,8,0,6,0
e-governments egi,org.egov.infra.microservice.models,TaxPeriod,52,0,0,0,22,0,15,0,15,0
e-governments egi,org.egov.infra.microservice.models,BankAccountServiceMappingReq,17,0,0,0,7,0,5,0,5,0
e-governments egi,org.egov.infra.microservice.models,VoucherSearchCriteria,116,0,0,0,14,0,24,0,24,0
e-governments egi,org.egov.infra.microservice.models,TaxAndPayment,24,0,0,0,10,0,7,0,7,0
e-governments egi,org.egov.infra.microservice.models,BillDetail,414,0,4,0,161,0,84,0,82,0
e-governments egi,org.egov.infra.microservice.models,ReceiptSearchCriteria,238,0,12,0,28,0,31,0,25,0
e-governments egi,org.egov.infra.microservice.models,ResourceDigit,38,0,0,0,16,0,11,0,11,0
e-governments egi,org.egov.infra.microservice.models,FileReq,17,0,0,0,7,0,5,0,5,0
e-governments egi,org.egov.infra.microservice.models,TaxHeadMaster,91,0,0,0,38,0,25,0,25,0
e-governments egi,org.egov.infra.microservice.models,PaymentDetail.PaymentDetailBuilder,182,0,0,0,1,0,17,0,17,0
e-governments egi,org.egov.infra.microservice.models,PaymentRequest,139,0,22,0,6,0,22,0,11,0
e-governments egi,org.egov.infra.microservice.models,ReceiptSearchCriteria.ReceiptSearchCriteriaBuilder,134,0,0,0,1,0,13,0,13,0
e-governments egi,org.egov.infra.microservice.models,Bank,64,0,0,0,26,0,17,0,17,0
e-governments egi,org.egov.infra.microservice.models,RemittanceResponse,10,0,0,0,4,0,3,0,3,0
e-governments egi,org.egov.infra.microservice.models,Payment,1324,0,216,0,46,0,168,0,60,0
e-governments egi,org.egov.infra.microservice.models,ChartOfAccounts,24,0,0,0,10,0,7,0,7,0
e-governments egi,org.egov.infra.microservice.models,PaymentWorkflow,277,0,46,0,10,0,40,0,17,0
e-governments egi,org.egov.infra.microservice.models,EmployeeSearchCriteria.EmployeeSearchCriteriaBuilder,206,0,0,0,1,0,19,0,19,0
e-governments egi,org.egov.infra.microservice.models,HODDepartment,172,0,30,0,45,0,26,0,11,0
e-governments egi,org.egov.infra.microservice.models,ResponseInfo.StatusEnum,73,0,4,0,11,0,8,0,6,0
e-governments egi,org.egov.infra.microservice.models,Demand.StatusEnum,84,0,4,0,12,0,8,0,6,0
e-governments egi,org.egov.infra.microservice.models,PaymentWorkflow.PaymentWorkflowBuilder,74,0,0,0,1,0,8,0,8,0
e-governments egi,org.egov.infra.microservice.models,ErrorRes,142,0,14,0,34,0,19,0,12,0
e-governments egi,org.egov.infra.microservice.models,DemandDetail,62,0,0,0,26,0,17,0,17,0
e-governments egi,org.egov.infra.microservice.models,InstrumentSearchContract,140,0,0,0,58,0,30,0,30,0
e-governments egi,org.egov.infra.microservice.models,Receipt,92,0,0,0,38,0,25,0,25,0
e-governments egi,org.egov.infra.microservice.models,DemandResponse,15,0,0,0,5,0,3,0,3,0
e-governments egi,org.egov.infra.microservice.models,FinancialStatus,38,0,0,0,16,0,11,0,11,0
e-governments egi,org.egov.infra.microservice.models,BillDetailV2,539,0,18,0,51,0,61,0,52,0
e-governments egi,org.egov.infra.microservice.models,RequestInfoWrapper,16,0,0,0,7,0,4,0,4,0
e-governments egi,org.egov.infra.microservice.models,Action,118,0,0,0,32,0,17,0,17,0
e-governments egi,org.egov.infra.admin.common.service,FavouritesService,50,0,4,0,12,0,6,0,4,0
e-governments egi,org.egov.infra.admin.common.service,MessageTemplateService,25,0,0,0,4,0,4,0,4,0
e-governments egi,org.egov.infra.admin.common.service,IdentityRecoveryService,173,0,14,0,32,0,13,0,6,0
e-governments egi,org.egov.infra.config.properties,PropertySourceConfiguration,7,0,0,0,2,0,2,0,2,0
e-governments egi,org.egov.infra.config.properties,MessageSourceConfiguration,104,0,6,0,22,0,8,0,5,0
e-governments egi,org.egov.infra.config.persistence.auditing.listener,AuditableEntityListener,19,0,2,0,7,0,3,0,2,0
e-governments egi,org.egov.infra.persistence.entity.component,Money,131,0,10,0,31,0,15,0,10,0
e-governments egi,org.egov.infra.persistence.entity.component,Period,26,0,0,0,12,0,6,0,6,0
e-governments egi,org.egov.infra.reporting.engine,AbstractReportService.new Object() {...},26,0,0,0,1,0,1,0,1,0
e-governments egi,org.egov.infra.reporting.engine,ReportOutput,79,0,2,0,23,0,11,0,10,0
e-governments egi,org.egov.infra.reporting.engine,ReportDisposition,42,0,0,0,3,0,5,0,5,0
e-governments egi,org.egov.infra.reporting.engine,ReportConstants,3,0,0,0,2,0,1,0,1,0
e-governments egi,org.egov.infra.reporting.engine,AbstractReportService.JdbcReportWork,21,0,0,0,6,0,3,0,3,0
e-governments egi,org.egov.infra.reporting.engine,ReportFormat,92,0,0,0,3,0,5,0,5,0
e-governments egi,org.egov.infra.reporting.engine,ReportDataSourceType,48,0,0,0,2,0,4,0,4,0
e-governments egi,org.egov.infra.reporting.engine,AbstractReportService,177,0,12,0,32,0,13,0,6,0
e-governments egi,org.egov.infra.reporting.engine,ReportRequest,104,0,2,0,35,0,17,0,16,0
e-governments egi,org.egov.infra.reporting.engine.jasper,JasperReportService,494,0,34,0,97,0,26,0,9,0
e-governments egi,org.egov.infra.admin.master.repository.es,CityIndexRepositoryImpl,57,0,0,0,11,0,3,0,3,0
e-governments egi,org.egov.infra.config.persistence.datasource.routing,RoutingDatasource,5,0,0,0,2,0,2,0,2,0
e-governments egi,org.egov.infra.config.persistence.datasource.routing,DatasourceType,38,0,0,0,2,0,4,0,4,0
e-governments egi,org.egov.infra.config.persistence.datasource.routing,DatasourceTypeHolder,19,0,0,0,8,0,5,0,5,0
e-governments egi,org.egov.infra.config.persistence.datasource.routing,RoutingDatasourceConfiguration,59,0,0,0,16,0,4,0,4,0
e-governments egi,org.egov.infra.config.persistence.datasource.routing,RoutingDatasourceConfigCondition,12,0,2,0,2,0,3,0,2,0
e-governments egi,org.egov.infra.config.persistence.datasource.routing,ReadOnlyDatasourceInterceptor,26,0,0,0,11,0,5,0,5,0
e-governments egi,org.egov.infra.admin.master.service,BoundaryService,519,0,34,0,102,0,48,0,31,0
e-governments egi,org.egov.infra.admin.master.service,ModuleService,249,0,28,0,36,0,23,0,9,0
e-governments egi,org.egov.infra.admin.master.service,AppConfigService,69,0,2,0,13,0,8,0,7,0
e-governments egi,org.egov.infra.admin.master.service,HierarchyTypeService,6,21,0,0,1,6,1,4,1,4
e-governments egi,org.egov.infra.admin.master.service,CityService,184,0,6,0,36,0,23,0,20,0
e-governments egi,org.egov.infra.admin.master.service,ActionService,98,0,10,0,21,0,12,0,7,0
e-governments egi,org.egov.infra.admin.master.service,FeatureAccessControlService,70,0,6,0,16,0,6,0,3,0
e-governments egi,org.egov.infra.admin.master.service,DepartmentService,16,43,0,0,5,9,3,6,3,6
e-governments egi,org.egov.infra.admin.master.service,FeatureService,30,0,0,0,6,0,6,0,6,0
e-governments egi,org.egov.infra.admin.master.service,CrossHierarchyService,197,0,12,0,39,0,17,0,11,0
e-governments egi,org.egov.infra.admin.master.service,LocationService,60,0,8,0,15,0,8,0,4,0
e-governments egi,org.egov.infra.admin.master.service,RoleService,68,0,0,0,14,0,9,0,9,0
e-governments egi,org.egov.infra.admin.master.service,BoundaryTypeService,108,0,4,0,26,0,16,0,14,0
e-governments egi,org.egov.infra.admin.master.service,AppConfigValueService,79,0,4,0,13,0,9,0,7,0
e-governments egi,org.egov.infra.admin.master.service,UserService,150,0,2,0,28,0,18,0,17,0
e-governments egi,org.egov.infra.security.utils.captcha,CaptchaServlet,95,0,8,0,18,0,6,0,2,0
e-governments egi,org.egov.infra.security.utils.captcha,DefaultCaptchaService,10,0,0,0,2,0,1,0,1,0
e-governments egi,org.egov.infra.security.utils.captcha,CaptchaUtils,102,0,2,0,19,0,4,0,3,0
e-governments egi,org.egov.infra.security.utils.captcha,DefaultCaptchaStore,100,0,6,0,22,0,15,0,12,0
e-governments egi,org.egov.infra.workflow.entity.contract,StateInfoBuilder,83,0,0,0,27,0,14,0,14,0
e-governments egi,org.egov.infra.config.persistence,JpaConfiguration,288,0,2,0,54,0,9,0,8,0
e-governments egi,org.egov.infra.config.persistence,RepositoryConfiguration,10,0,0,0,2,0,2,0,2,0
e-governments egi,org.egov.infra.reporting.util,ReportUtil,343,0,26,0,59,0,31,0,18,0
e-governments egi,org.egov.infra.web.support.ui.menu,ApplicationMenuRenderingService,429,0,10,0,79,0,20,0,15,0
e-governments egi,org.egov.infra.web.support.ui.menu,Menu,45,0,0,0,19,0,13,0,13,0
e-governments egi,org.egov.infra.web.support.ui.menu,Menu.MenuBuilder,51,0,0,0,17,0,9,0,9,0
e-governments egi,org.egov.infra.security.audit.repository.specs,LoginAuditSpec,88,0,10,0,21,0,8,0,3,0
e-governments egi,org.egov.infra.config.scheduling,QuartzSchedulerConfiguration,246,0,0,0,56,0,5,0,5,0
e-governments egi,org.egov.infra.config.scheduling,SchedulerConfigCondition,13,0,0,0,3,0,3,0,3,0
e-governments egi,org.egov.infra.admin.auditing.contract,UserRoleChangeAuditReportRequest,10,0,0,0,4,0,3,0,3,0
e-governments egi,org.egov.infra.admin.auditing.contract,UserPasswordChangeAuditReportRequest,10,0,0,0,4,0,3,0,3,0
e-governments egi,org.egov.infra.admin.auditing.contract,FeatureRoleChangeAuditReportRequest,10,0,0,0,4,0,3,0,3,0
e-governments egi,org.egov.infra.admin.master.contracts,AppConfigSearchRequest,10,0,0,0,4,0,3,0,3,0
e-governments egi,org.egov.infra.admin.master.contracts,CrossHierarchyRequest,24,0,0,0,10,0,7,0,7,0
e-governments egi,org.egov.infra.admin.master.contracts,BoundarySearchRequest,10,0,0,0,4,0,3,0,3,0
e-governments egi,org.egov.infra.elasticsearch.entity.es,ApplicationDocument,214,0,4,0,85,0,56,0,54,0
e-governments egi,org.egov.infra.config.security.authentication.listener,UserSessionDestroyListener,118,0,12,0,25,0,10,0,4,0
e-governments egi,org.egov.infra.web.taglib,CDNTag,38,0,4,0,7,0,4,0,2,0
e-governments egi,org.egov.infra.web.taglib,ExtraFieldTag,75,0,6,0,23,0,8,0,5,0
e-governments egi,org.egov.infra.web.taglib,DepartmentUserTag,443,0,10,0,76,0,14,0,9,0
e-governments egi,org.egov.infra.web.taglib,BndryTag,318,0,20,0,62,0,17,0,7,0
e-governments egi,org.egov.infra.web.taglib,BoundryTag,257,0,18,0,69,0,23,0,14,0
e-governments egi,org.egov.infra.web.taglib,EgovAuthorizeTag,164,0,30,0,42,0,25,0,10,0
e-governments egi,org.egov.infra.web.taglib,DeptRoleTag,425,0,16,0,70,0,19,0,11,0
e-governments egi,org.egov.infra.config.mapper,BeanMapperConfiguration,59,0,0,0,19,0,7,0,7,0
e-governments egi,org.egov.infra.workflow.matrix.entity,WorkFlowDeptDesgMap,77,0,0,0,28,0,15,0,15,0
e-governments egi,org.egov.infra.workflow.matrix.entity,WorkFlowAmountRule,43,0,0,0,17,0,11,0,11,0
e-governments egi,org.egov.infra.workflow.matrix.entity,WorkFlowMatrix,246,0,4,0,84,0,47,0,45,0
e-governments egi,org.egov.infra.workflow.matrix.entity,WorkFlowMatrixDetails,419,0,16,0,127,0,71,0,63,0
e-governments egi,org.egov.infra.workflow.matrix.entity,WorkFlowAdditionalRule,52,0,0,0,22,0,15,0,15,0
e-governments egi,org.egov.infra.microservice.contract,ActionResponse,26,0,0,0,11,0,6,0,6,0
e-governments egi,org.egov.infra.microservice.contract,AccountCodeTemplate.AccountCodeTemplateBuilder,134,0,0,0,1,0,13,0,13,0
e-governments egi,org.egov.infra.microservice.contract,UserSearchResponse,17,0,0,0,7,0,5,0,5,0
e-governments egi,org.egov.infra.microservice.contract,RequestInfoWrapper,10,0,0,0,4,0,3,0,3,0
e-governments egi,org.egov.infra.microservice.contract,Position,38,0,0,0,16,0,11,0,11,0
e-governments egi,org.egov.infra.microservice.contract,TaskResponse,31,0,0,0,13,0,9,0,9,0
e-governments egi,org.egov.infra.microservice.contract,DepartmentDesignation,46,0,0,0,19,0,10,0,10,0
e-governments egi,org.egov.infra.microservice.contract,PositionRequest,36,0,0,0,12,0,6,0,6,0
e-governments egi,org.egov.infra.microservice.contract,ResponseInfo.StatusEnum,73,0,4,0,11,0,8,0,6,0
e-governments egi,org.egov.infra.microservice.contract,UserSearchRequest,129,0,0,0,55,0,35,0,35,0
e-governments egi,org.egov.infra.microservice.contract,UserDetailResponse,18,0,0,0,8,0,4,0,4,0
e-governments egi,org.egov.infra.microservice.contract,Task,153,0,2,0,59,0,39,0,38,0
e-governments egi,org.egov.infra.microservice.contract,Value,17,0,0,0,7,0,5,0,5,0
e-governments egi,org.egov.infra.microservice.contract,ResponseInfo,82,0,0,0,20,0,14,0,14,0
e-governments egi,org.egov.infra.microservice.contract,Error,36,0,0,0,15,0,8,0,8,0
e-governments egi,org.egov.infra.microservice.contract,Pagination,67,0,0,0,24,0,12,0,12,0
e-governments egi,org.egov.infra.microservice.contract,AccountCodeTemplate,167,0,0,0,15,0,24,0,24,0
e-governments egi,org.egov.infra.microservice.contract,ErrorResponse,26,0,0,0,11,0,6,0,6,0
e-governments egi,org.egov.infra.microservice.contract,CreateUserRequest,17,0,0,0,7,0,5,0,5,0
e-governments egi,org.egov.infra.microservice.contract,UserSearchResponseContent,346,0,0,0,139,0,70,0,70,0
e-governments egi,org.egov.infra.microservice.contract,TaskRequest,51,0,0,0,17,0,9,0,9,0
e-governments egi,org.egov.infra.microservice.contract,UserRequest,227,0,4,0,65,0,40,0,38,0
e-governments egi,org.egov.infra.microservice.contract,RequestInfoCancelWrapper,17,0,0,0,7,0,5,0,5,0
e-governments egi,org.egov.infra.microservice.contract,Action,724,0,146,0,191,0,113,0,40,0
e-governments egi,org.egov.infra.microservice.contract,ActionContract,136,0,0,0,55,0,28,0,28,0
e-governments egi,org.egov.infra.microservice.contract,ActionRequest,106,0,0,0,43,0,22,0,22,0
e-governments egi,org.egov.infra.microservice.contract,RequestInfoSearchWrapper,17,0,0,0,7,0,5,0,5,0
e-governments egi,org.egov.infra.microservice.contract,Attribute,45,0,0,0,19,0,13,0,13,0
e-governments egi,org.egov.infra.microservice.contract,PositionResponse,36,0,0,0,12,0,6,0,6,0
e-governments egi,org.egov.infra.microservice.contract,RoleRequest,27,0,0,0,10,0,5,0,5,0
e-governments egi,org.egov.infra.gis.model,GeoLatLong,17,0,0,0,7,0,5,0,5,0
e-governments egi,org.egov.infra.gis.model,GeoLocation,110,0,4,0,39,0,26,0,24,0
e-governments egi,org.egov.infra.gis.model,GeoKmlInfo,27,0,0,0,9,0,5,0,5,0
e-governments egi,org.egov.infstr.services,PersistenceService,570,0,42,0,114,0,54,0,33,0
e-governments egi,org.egov.infra.web.spring.handler,GlobalInitBinderHandler,38,0,0,0,6,0,2,0,2,0
e-governments egi,org.egov.infra.web.spring.handler,GlobalExceptionHandler,78,0,4,0,17,0,9,0,7,0
e-governments egi,org.egov.infra.admin.master.service.es,CityIndexService,18,0,0,0,4,0,4,0,4,0
e-governments egi,org.egov.infra.admin.common.entity,MessageTemplate,34,0,0,0,13,0,9,0,9,0
e-governments egi,org.egov.infra.admin.common.entity,IdentityRecovery,40,0,2,0,13,0,10,0,9,0
e-governments egi,org.egov.infra.admin.common.entity,Favourites,210,0,46,0,57,0,36,0,13,0
e-governments egi,org.egov.infra.admin.common.entity,MenuLink,130,0,22,0,42,0,26,0,15,0
e-governments egi,org.egov.infra.config.security.authentication.provider,ApplicationAuthenticationProvider,117,0,12,0,24,0,11,0,5,0
e-governments egi,org.egov.infra.config.persistence.event.integrator,HibernateEventListenerIntegrator,70,0,0,0,12,0,4,0,4,0
e-governments egi,org.egov.infra.config.core,EnvironmentSettings,83,0,0,0,12,0,12,0,12,0
e-governments egi,org.egov.infra.config.core,ApplicationConfiguration,206,0,2,0,41,0,9,0,8,0
e-governments egi,org.egov.infra.config.core,ApplicationThreadLocals,110,49,0,0,46,12,23,2,23,2
e-governments egi,org.egov.infra.config.core,LocalizationSettings,93,0,0,0,17,0,16,0,16,0
